=======================================================================================
=== Pair #1 | seed=1000 | v21 dominates v20 | game1=draw game2=v21 wins ===
=======================================================================================

Initial board (shared by both games):
     0    1    2    3    4    5    6    7    8    9
0  .    .    .    .    .    .    .    .    .    1XW 
1  .    .    .    .    .    .    .    .    .    .   
2  1AS  1HS  .    .    .    .    .    .    .    .   
3  .    .    .    .    .    .    .    .    .    1SE 
4  .    1AS  .    .    .    .    .    .    .    .   
5  .    .    .    .    .    .    .    .    2AN  .   
6  2SW  .    .    .    .    .    .    .    .    .   
7  .    .    .    .    .    .    .    .    2HS  2AN 
8  .    .    .    .    .    .    .    .    .    .   
9  2XE  .    .    .    .    .    .    .    .    .   
turn=1 ply=0 win=0

Game 1: v21 starts — draw (100 plies)      | Game 2: v20 starts — v21 wins (4 plies)   
-------------------------------------------+-------------------------------------------
  1. P1 v21 d= 2 n=   8k t= 208ms P8@0     |   1. P1 v20 d= 1 n=   6k t= 242ms P90@99  
  2. P2 v20 d= 5 n=  21k t= 207ms P2@0     |   2. P2 v21 d= 1 n=  992 t= 210ms P2@0    
  3. P1 v21 d= 4 n=   3k t=  86ms P92@99   |   3. P1 v20 d= 3 n=  10k t= 209ms P41@0   
  4. P2 v20 d= 5 n=  24k t= 208ms P2@0     |   4. P2 v21 d= 0 n=    0 t=  11ms P72@90  
  5. P1 v21 d= 4 n=   3k t=  83ms P92@99   |                                           
  6. P2 v20 d= 5 n=  26k t= 213ms P2@0     |                                           
  7. P1 v21 d= 4 n=   3k t=  54ms P92@99   |                                           
  8. P2 v20 d= 6 n=  29k t= 207ms P2@0     |                                           
  9. P1 v21 d= 4 n=   3k t=  60ms P92@99   |                                           
 10. P2 v20 d= 6 n=  35k t= 208ms P2@0     |                                           
 11. P1 v21 d= 4 n=   3k t=  66ms P92@99   |                                           
 12. P2 v20 d= 6 n=  30k t= 208ms P2@0     |                                           
 13. P1 v21 d= 4 n=   3k t=  40ms P92@99   |                                           
 14. P2 v20 d= 6 n=  30k t= 207ms P2@0     |                                           
 15. P1 v21 d= 4 n=   3k t=  53ms P92@99   |                                           
 16. P2 v20 d= 6 n=  30k t= 207ms P2@0     |                                           
 17. P1 v21 d= 4 n=   3k t=  58ms P92@99   |                                           
 18. P2 v20 d= 5 n=  28k t= 207ms P2@0     |                                           
 19. P1 v21 d= 4 n=   3k t=  70ms P92@99   |                                           
 20. P2 v20 d= 5 n=  28k t= 207ms P2@0     |                                           
 21. P1 v21 d= 4 n=   3k t=  67ms P92@99   |                                           
 22. P2 v20 d= 6 n=  32k t= 207ms P2@0     |                                           
 23. P1 v21 d= 4 n=   3k t=  53ms P92@99   |                                           
 24. P2 v20 d= 5 n=  28k t= 207ms P2@0     |                                           
 25. P1 v21 d= 4 n=   3k t=  67ms P92@99   |                                           
 26. P2 v20 d= 6 n=  29k t= 207ms P2@0     |                                           
 27. P1 v21 d= 4 n=   3k t=  65ms P92@99   |                                           
 28. P2 v20 d= 6 n=  31k t= 207ms P2@0     |                                           
 29. P1 v21 d= 4 n=   3k t=  66ms P92@99   |                                           
 30. P2 v20 d= 6 n=  30k t= 207ms P2@0     |                                           
 31. P1 v21 d= 4 n=   3k t=  64ms P92@99   |                                           
 32. P2 v20 d= 5 n=  27k t= 207ms P2@0     |                                           
 33. P1 v21 d= 4 n=   3k t=  68ms P92@99   |                                           
 34. P2 v20 d= 6 n=  33k t= 207ms P2@0     |                                           
 35. P1 v21 d= 4 n=   3k t=  53ms P92@99   |                                           
 36. P2 v20 d= 6 n=  30k t= 207ms P2@0     |                                           
 37. P1 v21 d= 4 n=   3k t=  68ms P92@99   |                                           
 38. P2 v20 d= 6 n=  28k t= 207ms P2@0     |                                           
 39. P1 v21 d= 4 n=   3k t=  63ms P92@99   |                                           
 40. P2 v20 d= 6 n=  42k t= 207ms P2@0     |                                           
 41. P1 v21 d= 4 n=   3k t=  65ms P92@99   |                                           
 42. P2 v20 d= 5 n=  27k t= 207ms P2@0     |                                           
 43. P1 v21 d= 4 n=   3k t=  66ms P92@99   |                                           
 44. P2 v20 d= 6 n=  39k t= 207ms P2@0     |                                           
 45. P1 v21 d= 4 n=   3k t=  48ms P92@99   |                                           
 46. P2 v20 d= 6 n=  35k t= 211ms P2@0     |                                           
 47. P1 v21 d= 4 n=   3k t=  43ms P92@99   |                                           
 48. P2 v20 d= 6 n=  52k t= 207ms P2@0     |                                           
 49. P1 v21 d= 4 n=   3k t=  54ms P92@99   |                                           
 50. P2 v20 d= 6 n=  46k t= 207ms P2@0     |                                           
 51. P1 v21 d= 4 n=   3k t=  55ms P92@99   |                                           
 52. P2 v20 d= 6 n=  34k t= 207ms P2@0     |                                           
 53. P1 v21 d= 4 n=   3k t=  53ms P92@99   |                                           
 54. P2 v20 d= 6 n=  52k t= 207ms P2@0     |                                           
 55. P1 v21 d= 4 n=   3k t=  48ms P92@99   |                                           
 56. P2 v20 d= 6 n=  34k t= 207ms P2@0     |                                           
 57. P1 v21 d= 4 n=   3k t=  55ms P92@99   |                                           
 58. P2 v20 d= 6 n=  38k t= 207ms P2@0     |                                           
 59. P1 v21 d= 4 n=   3k t=  69ms P92@99   |                                           
 60. P2 v20 d= 6 n=  40k t= 207ms P2@0     |                                           
 61. P1 v21 d= 4 n=   3k t=  51ms P92@99   |                                           
 62. P2 v20 d= 6 n=  48k t= 207ms P2@0     |                                           
 63. P1 v21 d= 4 n=   3k t=  51ms P92@99   |                                           
 64. P2 v20 d= 6 n=  48k t= 207ms P2@0     |                                           
 65. P1 v21 d= 4 n=   3k t=  42ms P92@99   |                                           
 66. P2 v20 d= 6 n=  34k t= 207ms P2@0     |                                           
 67. P1 v21 d= 4 n=   3k t=  52ms P92@99   |                                           
 68. P2 v20 d= 6 n=  42k t= 207ms P2@0     |                                           
 69. P1 v21 d= 4 n=   3k t=  57ms P92@99   |                                           
 70. P2 v20 d= 6 n=  45k t= 207ms P2@0     |                                           
 71. P1 v21 d= 4 n=   3k t=  41ms P92@99   |                                           
 72. P2 v20 d= 6 n=  46k t= 207ms P2@0     |                                           
 73. P1 v21 d= 4 n=   3k t=  61ms P92@99   |                                           
 74. P2 v20 d= 6 n=  44k t= 207ms P2@0     |                                           
 75. P1 v21 d= 4 n=   3k t=  36ms P92@99   |                                           
 76. P2 v20 d= 6 n=  56k t= 207ms P2@0     |                                           
 77. P1 v21 d= 4 n=   3k t=  54ms P92@99   |                                           
 78. P2 v20 d= 6 n=  50k t= 207ms P2@0     |                                           
 79. P1 v21 d= 4 n=   3k t=  44ms P92@99   |                                           
 80. P2 v20 d= 6 n=  46k t= 207ms P2@0     |                                           
 81. P1 v21 d= 4 n=   3k t=  40ms P92@99   |                                           
 82. P2 v20 d= 6 n=  34k t= 207ms P2@0     |                                           
 83. P1 v21 d= 4 n=   3k t=  59ms P92@99   |                                           
 84. P2 v20 d= 6 n=  33k t= 207ms P2@0     |                                           
 85. P1 v21 d= 4 n=   3k t=  46ms P92@99   |                                           
 86. P2 v20 d= 6 n=  47k t= 207ms P2@0     |                                           
 87. P1 v21 d= 4 n=   3k t=  48ms P92@99   |                                           
 88. P2 v20 d= 6 n=  55k t= 207ms P2@0     |                                           
 89. P1 v21 d= 4 n=   3k t=  47ms P92@99   |                                           
 90. P2 v20 d= 6 n=  57k t= 207ms P2@0     |                                           
 91. P1 v21 d= 4 n=   3k t=  33ms P92@99   |                                           
 92. P2 v20 d= 6 n=  60k t= 207ms P2@0     |                                           
 93. P1 v21 d= 4 n=   3k t=  35ms P92@99   |                                           
 94. P2 v20 d= 6 n=  54k t= 207ms P2@0     |                                           
 95. P1 v21 d= 4 n=   3k t=  32ms P92@99   |                                           
 96. P2 v20 d= 5 n=  12k t=  22ms P2@0     |                                           
 97. P1 v21 d= 4 n=   2k t=  50ms P92@99   |                                           
 98. P2 v20 d= 3 n=   1k t=   3ms P2@0     |                                           
 99. P1 v21 d= 2 n=  723 t=  25ms P92@99   |                                           
100. P2 v20 d=13 n=   4k t=   5ms P2@0     |                                           

Final board — Game 1 (v21 starts):
     0    1    2    3    4    5    6    7    8    9
0  .    .    .    .    .    .    .    .    .    1XW 
1  .    .    .    .    .    .    .    .    .    .   
2  1AS  1HS  .    .    .    .    .    .    .    .   
3  .    .    .    .    .    .    .    .    .    1SE 
4  .    1AS  .    .    .    .    .    .    .    .   
5  .    .    .    .    .    .    .    .    2AN  .   
6  2SW  .    .    .    .    .    .    .    .    .   
7  .    .    .    .    .    .    .    .    2HS  2AN 
8  .    .    .    .    .    .    .    .    .    .   
9  2XE  .    2PN  .    .    .    .    .    1PN  .   
turn=1 ply=100 win=-1

Final board — Game 2 (v20 starts):
     0    1    2    3    4    5    6    7    8    9
0  1PS  .    .    .    .    .    .    .    .    1XW 
1  .    .    .    .    .    .    .    .    .    .   
2  1AS  .    2PW  .    .    .    .    .    .    .   
3  .    .    .    .    .    .    .    .    .    1SE 
4  .    1AS  .    .    .    .    .    .    .    .   
5  .    1PN  .    .    .    .    .    .    2AN  .   
6  2SW  .    .    .    .    .    .    .    .    .   
7  .    .    .    .    .    .    .    .    2HS  2AN 
8  .    .    .    .    .    .    .    .    .    .   
9  2XE  .    2PN  .    .    .    .    .    .    .   
turn=1 ply=4 win=2

=======================================================================================
=== Pair #2 | seed=1004 | v21 dominates v20 | game1=v21 wins game2=v21 wins ===
=======================================================================================

Initial board (shared by both games):
     0    1    2    3    4    5    6    7    8    9
0  .    .    .    .    1XE  .    .    .    .    .   
1  .    .    .    .    .    .    .    .    .    .   
2  .    .    .    .    .    1AS  1HS  .    .    .   
3  .    .    .    .    .    .    .    .    .    1SE 
4  .    .    .    .    .    .    1AS  .    .    .   
5  .    .    .    2AN  .    .    .    .    .    .   
6  2SW  .    .    .    .    .    .    .    .    .   
7  .    .    .    2HS  2AN  .    .    .    .    .   
8  .    .    .    .    .    .    .    .    .    .   
9  .    .    .    .    .    2XW  .    .    .    .   
turn=1 ply=0 win=0

Game 1: v21 starts — v21 wins (5 plies)    | Game 2: v20 starts — v21 wins (8 plies)   
-------------------------------------------+-------------------------------------------
  1. P1 v21 d= 3 n=  14k t= 207ms R94+     |   1. P1 v20 d= 3 n=  10k t=  19ms R94+    
  2. P2 v20 d= 4 n=  84k t= 207ms P74@9    |   2. P2 v21 d= 7 n=  16k t= 207ms P54@9   
  3. P1 v21 d= 4 n=   2k t=  15ms X69<>94  |   3. P1 v20 d= 3 n=  77k t= 207ms P59@0   
  4. P2 v20 d= 3 n=  14k t=  22ms R5+      |   4. P2 v21 d=10 n=  18k t= 207ms P53@9   
  5. P1 v21 d= 0 n=    0 t=   0ms P29@99   |   5. P1 v20 d= 4 n=  80k t= 207ms P25@0   
                                           |   6. P2 v21 d= 3 n=  11k t= 212ms P1@90   
                                           |   7. P1 v20 d= 4 n=  52k t= 211ms P9@0    
                                           |   8. P2 v21 d= 0 n=    0 t=   0ms P71@0   

Final board — Game 1 (v21 starts):
     0    1    2    3    4    5    6    7    8    9
0  .    .    .    .    1SE  .    .    .    .    .   
1  .    .    .    .    .    .    .    .    .    .   
2  .    .    .    .    2PE  .    1HS  .    .    .   
3  .    .    .    .    .    .    .    .    .    1XS 
4  .    .    .    .    .    .    1AS  .    .    .   
5  .    .    .    2AN  .    .    .    .    .    .   
6  2SW  .    .    .    .    .    .    .    .    .   
7  .    .    .    .    .    .    .    .    .    1PS 
8  .    .    .    .    .    .    .    .    .    .   
9  .    .    .    .    .    2XN  .    .    .    .   
turn=2 ply=5 win=1

Final board — Game 2 (v20 starts):
     0    1    2    3    4    5    6    7    8    9
0  .    .    .    .    1XS  .    .    .    .    .   
1  .    .    .    .    .    .    .    .    .    .   
2  .    2PN  .    .    .    .    .    .    .    .   
3  .    .    .    .    .    .    .    .    .    1SE 
4  .    .    .    2PE  2PE  .    .    .    .    1PN 
5  .    .    .    2AN  .    .    .    .    .    .   
6  2SW  .    .    .    .    .    .    .    .    .   
7  .    .    .    2HS  .    1PN  .    .    .    .   
8  .    .    .    .    .    .    .    .    .    .   
9  .    2PW  .    .    .    2XW  .    .    .    1PN 
turn=1 ply=8 win=2

=======================================================================================
=== Pair #3 | seed=1006 | v21 dominates v20 | game1=v21 wins game2=v21 wins ===
=======================================================================================

Initial board (shared by both games):
     0    1    2    3    4    5    6    7    8    9
0  .    .    1XE  .    .    .    .    .    .    .   
1  .    .    .    .    .    .    .    .    .    .   
2  .    .    .    .    .    .    1HS  1AS  .    .   
3  .    .    .    .    .    .    1SE  .    .    .   
4  .    .    .    .    .    .    1AS  .    .    .   
5  .    .    .    2AN  .    .    .    .    .    .   
6  .    .    .    2SW  .    .    .    .    .    .   
7  .    .    2AN  2HS  .    .    .    .    .    .   
8  .    .    .    .    .    .    .    .    .    .   
9  .    .    .    .    .    .    .    2XW  .    .   
turn=1 ply=0 win=0

Game 1: v21 starts — v21 wins (7 plies)    | Game 2: v20 starts — v21 wins (100 plies) 
-------------------------------------------+-------------------------------------------
  1. P1 v21 d= 3 n=  13k t= 207ms R92+     |   1. P1 v20 d= 2 n=   3k t= 215ms R92+    
  2. P2 v20 d= 4 n=  79k t= 207ms P72@9    |   2. P2 v21 d= 2 n=   1k t= 210ms P72@9   
  3. P1 v21 d= 6 n=  14k t= 207ms P73@9    |   3. P1 v20 d= 4 n=   7k t= 216ms P73@9   
  4. P2 v20 d= 4 n=  61k t= 207ms R7-      |   4. P2 v21 d= 2 n=   8k t= 212ms P53@9   
  5. P1 v21 d= 3 n=  16k t= 207ms P24@99   |   5. P1 v20 d= 3 n=  29k t= 208ms X66<>76 
  6. P2 v20 d= 4 n=  75k t= 207ms P74@0    |   6. P2 v21 d= 3 n=   9k t= 145ms P67@90  
  7. P1 v21 d= 0 n=    0 t=   0ms P34@9    |   7. P1 v20 d= 5 n=  44k t= 212ms P27@0   
                                           |   8. P2 v21 d= 3 n=  11k t= 207ms P5@90   
                                           |   9. P1 v20 d= 4 n=  47k t= 207ms P55@9   
                                           |  10. P2 v21 d= 4 n=   3k t= 163ms P5@90   
                                           |  11. P1 v20 d= 4 n=  41k t= 211ms P55@9   
                                           |  12. P2 v21 d= 4 n=   3k t= 199ms P5@90   
                                           |  13. P1 v20 d= 4 n=  44k t= 207ms P55@9   
                                           |  14. P2 v21 d= 4 n=   4k t= 135ms P5@90   
                                           |  15. P1 v20 d= 4 n=  57k t= 207ms P55@9   
                                           |  16. P2 v21 d= 4 n=   3k t= 126ms P5@90   
                                           |  17. P1 v20 d= 4 n=  44k t= 207ms P55@9   
                                           |  18. P2 v21 d= 4 n=   3k t= 129ms P5@90   
                                           |  19. P1 v20 d= 4 n=  34k t= 207ms P55@9   
                                           |  20. P2 v21 d= 4 n=   3k t= 183ms P5@90   
                                           |  21. P1 v20 d= 4 n=  44k t= 207ms P55@9   
                                           |  22. P2 v21 d= 4 n=   3k t= 158ms P5@90   
                                           |  23. P1 v20 d= 4 n=  33k t= 207ms P55@9   
                                           |  24. P2 v21 d= 4 n=   3k t= 154ms P5@90   
                                           |  25. P1 v20 d= 4 n=  54k t= 207ms P55@9   
                                           |  26. P2 v21 d= 4 n=   3k t= 144ms P5@90   
                                           |  27. P1 v20 d= 4 n=  42k t= 207ms P55@9   
                                           |  28. P2 v21 d= 4 n=   3k t= 167ms P5@90   
                                           |  29. P1 v20 d= 4 n=  47k t= 207ms P55@9   
                                           |  30. P2 v21 d= 4 n=   4k t= 136ms P5@90   
                                           |  31. P1 v20 d= 4 n=  51k t= 207ms P55@9   
                                           |  32. P2 v21 d= 4 n=   3k t= 149ms P5@90   
                                           |  33. P1 v20 d= 4 n=  44k t= 207ms P55@9   
                                           |  34. P2 v21 d= 4 n=   3k t= 124ms P5@90   
                                           |  35. P1 v20 d= 4 n=  41k t= 207ms P55@9   
                                           |  36. P2 v21 d= 4 n=   4k t= 177ms P5@90   
                                           |  37. P1 v20 d= 4 n=  42k t= 207ms P55@9   
                                           |  38. P2 v21 d= 4 n=   3k t= 139ms P5@90   
                                           |  39. P1 v20 d= 4 n=  51k t= 207ms P55@9   
                                           |  40. P2 v21 d= 4 n=   3k t= 108ms P5@90   
                                           |  41. P1 v20 d= 4 n=  61k t= 207ms P55@9   
                                           |  42. P2 v21 d= 4 n=   3k t= 125ms P5@90   
                                           |  43. P1 v20 d= 4 n=  51k t= 207ms P55@9   
                                           |  44. P2 v21 d= 4 n=   3k t= 127ms P5@90   
                                           |  45. P1 v20 d= 4 n=  47k t= 207ms P55@9   
                                           |  46. P2 v21 d= 4 n=   3k t= 122ms P5@90   
                                           |  47. P1 v20 d= 4 n=  42k t= 207ms P55@9   
                                           |  48. P2 v21 d= 4 n=   3k t= 126ms P5@90   
                                           |  49. P1 v20 d= 4 n=  45k t= 207ms P55@9   
                                           |  50. P2 v21 d= 4 n=   3k t= 133ms P5@90   
                                           |  51. P1 v20 d= 4 n=  57k t= 207ms P55@9   
                                           |  52. P2 v21 d= 4 n=   3k t= 145ms P5@90   
                                           |  53. P1 v20 d= 4 n=  49k t= 207ms P55@9   
                                           |  54. P2 v21 d= 4 n=   3k t= 166ms P5@90   
                                           |  55. P1 v20 d= 4 n=  57k t= 207ms P55@9   
                                           |  56. P2 v21 d= 4 n=   4k t= 122ms P5@90   
                                           |  57. P1 v20 d= 4 n=  49k t= 207ms P55@9   
                                           |  58. P2 v21 d= 4 n=   3k t= 126ms P5@90   
                                           |  59. P1 v20 d= 4 n=  63k t= 207ms P55@9   
                                           |  60. P2 v21 d= 4 n=   3k t=  97ms P5@90   
                                           |  61. P1 v20 d= 4 n=  55k t= 207ms P55@9   
                                           |  62. P2 v21 d= 4 n=   3k t= 116ms P5@90   
                                           |  63. P1 v20 d= 4 n=  52k t= 207ms P55@9   
                                           |  64. P2 v21 d= 4 n=   3k t= 100ms P5@90   
                                           |  65. P1 v20 d= 4 n=  56k t= 207ms P55@9   
                                           |  66. P2 v21 d= 4 n=   3k t= 145ms P5@90   
                                           |  67. P1 v20 d= 4 n=  64k t= 207ms P55@9   
                                           |  68. P2 v21 d= 4 n=   3k t= 109ms P5@90   
                                           |  69. P1 v20 d= 4 n=  47k t= 207ms P55@9   
                                           |  70. P2 v21 d= 4 n=   4k t= 125ms P5@90   
                                           |  71. P1 v20 d= 4 n=  53k t= 207ms P55@9   
                                           |  72. P2 v21 d= 4 n=   3k t= 125ms P5@90   
                                           |  73. P1 v20 d= 4 n=  53k t= 207ms P55@9   
                                           |  74. P2 v21 d= 4 n=   3k t= 118ms P5@90   
                                           |  75. P1 v20 d= 4 n=  51k t= 211ms P55@9   
                                           |  76. P2 v21 d= 4 n=   3k t=  99ms P5@90   
                                           |  77. P1 v20 d= 4 n=  65k t= 208ms P55@9   
                                           |  78. P2 v21 d= 4 n=   3k t= 107ms P5@90   
                                           |  79. P1 v20 d= 4 n=  70k t= 207ms P55@9   
                                           |  80. P2 v21 d= 4 n=   3k t=  97ms P5@90   
                                           |  81. P1 v20 d= 4 n=  62k t= 207ms P55@9   
                                           |  82. P2 v21 d= 4 n=   3k t= 102ms P5@90   
                                           |  83. P1 v20 d= 4 n=  69k t= 207ms P55@9   
                                           |  84. P2 v21 d= 4 n=   3k t=  94ms P5@90   
                                           |  85. P1 v20 d= 4 n=  59k t= 207ms P55@9   
                                           |  86. P2 v21 d= 4 n=   3k t=  92ms P5@90   
                                           |  87. P1 v20 d= 4 n=  70k t= 207ms P55@9   
                                           |  88. P2 v21 d= 4 n=   3k t= 112ms P5@90   
                                           |  89. P1 v20 d= 4 n=  70k t= 210ms P55@9   
                                           |  90. P2 v21 d= 4 n=   3k t=  90ms P5@90   
                                           |  91. P1 v20 d= 4 n=  62k t= 207ms P55@9   
                                           |  92. P2 v21 d= 4 n=   3k t=  88ms P5@90   
                                           |  93. P1 v20 d= 4 n=  69k t= 207ms P55@9   
                                           |  94. P2 v21 d= 4 n=   3k t= 110ms P5@90   
                                           |  95. P1 v20 d= 4 n=  66k t= 207ms P55@9   
                                           |  96. P2 v21 d= 4 n=   3k t= 135ms P5@90   
                                           |  97. P1 v20 d= 4 n=  10k t=  78ms P55@9   
                                           |  98. P2 v21 d= 4 n=   3k t=  65ms P5@90   
                                           |  99. P1 v20 d= 2 n=   1k t=   4ms P55@9   
                                           | 100. P2 v21 d= 0 n=    0 t=   0ms P5@90   

Final board — Game 1 (v21 starts):
     0    1    2    3    4    5    6    7    8    9
0  .    .    1XS  .    .    .    .    .    .    .   
1  .    .    .    .    .    .    .    .    .    .   
2  .    .    2PE  1PE  2PN  .    1HS  1AS  .    .   
3  .    .    .    .    .    .    1SE  .    .    .   
4  .    .    .    .    .    .    1AS  .    .    .   
5  .    .    .    .    .    .    .    .    .    .   
6  .    .    .    2SW  1PE  .    .    .    .    .   
7  .    .    .    .    1PS  .    .    .    .    .   
8  .    .    .    .    .    .    .    .    .    .   
9  .    .    .    .    .    .    .    2XS  .    .   
turn=2 ply=7 win=1

Final board — Game 2 (v20 starts):
     0    1    2    3    4    5    6    7    8    9
0  .    .    1XS  .    .    .    .    .    .    .   
1  .    .    .    .    .    .    .    .    .    .   
2  .    .    2PE  1PE  .    .    1SE  1AS  .    .   
3  .    .    .    .    .    .    1HS  2PW  .    .   
4  .    .    .    2PE  .    .    .    .    .    .   
5  .    .    .    .    .    .    .    .    .    .   
6  .    .    .    2SW  .    .    .    .    .    .   
7  .    .    .    2HS  .    .    .    1PN  .    .   
8  .    .    .    .    .    .    .    .    .    .   
9  .    .    .    .    .    2PW  .    2XW  .    .   
turn=1 ply=100 win=2

=======================================================================================
=== Pair #4 | seed=1008 | v21 dominates v20 | game1=v21 wins game2=v21 wins ===
=======================================================================================

Initial board (shared by both games):
     0    1    2    3    4    5    6    7    8    9
0  .    .    .    .    .    .    .    .    .    1XW 
1  .    .    .    .    .    .    .    .    .    .   
2  1AS  .    .    .    .    .    .    1HS  .    .   
3  .    .    .    .    .    .    .    1SE  .    .   
4  .    .    .    .    .    .    .    1AS  .    .   
5  .    .    2AN  .    .    .    .    .    .    .   
6  .    .    2SW  .    .    .    .    .    .    .   
7  .    .    2HS  .    .    .    .    .    .    2AN 
8  .    .    .    .    .    .    .    .    .    .   
9  2XE  .    .    .    .    .    .    .    .    .   
turn=1 ply=0 win=0

Game 1: v21 starts — v21 wins (3 plies)    | Game 2: v20 starts — v21 wins (4 plies)   
-------------------------------------------+-------------------------------------------
  1. P1 v21 d= 3 n=  13k t= 207ms R99-     |   1. P1 v20 d= 4 n=  63k t= 207ms R99+    
  2. P2 v20 d= 3 n=  11k t=  34ms P6@0     |   2. P2 v21 d= 3 n=  13k t= 207ms R0-     
  3. P1 v21 d= 0 n=    0 t=   0ms P29@99   |   3. P1 v20 d= 4 n=  58k t= 207ms P90@9   
                                           |   4. P2 v21 d= 0 n=    0 t=   0ms P70@0   

Final board — Game 1 (v21 starts):
     0    1    2    3    4    5    6    7    8    9
0  .    .    .    .    .    .    .    .    .    1XS 
1  .    .    .    .    .    .    .    .    .    .   
2  1AS  .    .    .    .    .    .    1HS  .    .   
3  .    .    .    .    .    .    .    1SE  .    .   
4  .    .    .    .    .    .    .    1AS  .    .   
5  .    .    2AN  .    .    .    .    .    .    .   
6  .    .    2SW  .    .    .    .    .    .    .   
7  .    .    .    .    .    .    .    .    .    1PS 
8  .    .    .    .    .    .    .    .    .    .   
9  2XE  .    .    .    .    .    2PN  .    .    .   
turn=2 ply=3 win=1

Final board — Game 2 (v20 starts):
     0    1    2    3    4    5    6    7    8    9
0  1PE  .    .    .    .    .    .    .    .    1XN 
1  .    .    .    .    .    .    .    .    .    .   
2  2PN  .    .    .    .    .    .    .    .    .   
3  .    .    .    .    .    .    .    1SE  .    .   
4  .    .    .    .    .    .    .    1AS  .    .   
5  .    .    2AN  .    .    .    .    .    .    .   
6  .    .    2SW  .    .    .    .    .    .    .   
7  .    .    2HS  .    .    .    .    .    .    2AN 
8  .    .    .    .    .    .    .    .    .    .   
9  2XN  .    .    .    .    .    .    .    .    .   
turn=1 ply=4 win=2

=======================================================================================
=== Pair #5 | seed=1011 | v21 dominates v20 | game1=v21 wins game2=v21 wins ===
=======================================================================================

Initial board (shared by both games):
     0    1    2    3    4    5    6    7    8    9
0  .    .    .    .    .    .    .    1XW  .    .   
1  .    .    .    .    .    .    .    .    .    .   
2  .    .    1AS  1HS  .    .    .    .    .    .   
3  .    .    .    .    .    1SN  .    .    .    .   
4  .    .    .    1AS  .    .    .    .    .    .   
5  .    .    .    .    .    .    2AN  .    .    .   
6  .    .    .    .    2SS  .    .    .    .    .   
7  .    .    .    .    .    .    2HS  2AN  .    .   
8  .    .    .    .    .    .    .    .    .    .   
9  .    .    2XE  .    .    .    .    .    .    .   
turn=1 ply=0 win=0

Game 1: v21 starts — v21 wins (3 plies)    | Game 2: v20 starts — v21 wins (6 plies)   
-------------------------------------------+-------------------------------------------
  1. P1 v21 d= 3 n=  11k t= 207ms R97-     |   1. P1 v20 d= 2 n=   4k t= 208ms R97-    
  2. P2 v20 d= 3 n=  57k t= 210ms P37@99   |   2. P2 v21 d= 2 n=   2k t= 211ms P77@9   
  3. P1 v21 d= 0 n=    0 t=   0ms P36@99   |   3. P1 v20 d= 3 n=  25k t= 212ms M65-66  
                                           |   4. P2 v21 d= 3 n=  10k t= 211ms R2-     
                                           |   5. P1 v20 d= 3 n=  56k t= 207ms P22@0   
                                           |   6. P2 v21 d= 0 n=    0 t=   1ms P23@0   

Final board — Game 1 (v21 starts):
     0    1    2    3    4    5    6    7    8    9
0  .    .    .    .    .    .    .    1XS  .    .   
1  .    .    .    .    .    .    .    .    .    .   
2  .    .    1AS  1HS  .    .    .    .    .    .   
3  .    .    .    .    .    1SN  .    .    .    .   
4  .    .    .    1AS  .    .    .    .    .    .   
5  .    .    .    .    .    .    2AN  .    .    .   
6  .    .    .    .    2SS  .    1PS  2PS  .    .   
7  .    .    .    .    .    .    .    .    .    .   
8  .    .    .    .    .    .    .    .    .    .   
9  .    .    2XE  .    .    .    .    .    .    .   
turn=2 ply=3 win=1

Final board — Game 2 (v20 starts):
     0    1    2    3    4    5    6    7    8    9
0  .    .    .    .    .    .    .    1XS  .    .   
1  .    .    .    .    .    .    .    .    .    .   
2  .    .    .    .    .    .    .    2PE  .    .   
3  .    .    .    .    .    .    1SN  .    .    .   
4  .    .    .    .    .    .    .    .    .    .   
5  .    .    .    .    .    .    2AN  .    .    .   
6  .    .    .    .    2SS  .    .    .    .    .   
7  .    .    1PN  2PN  .    .    2HS  .    .    .   
8  .    .    .    .    .    .    .    .    .    .   
9  .    .    2XN  .    .    .    .    .    .    .   
turn=1 ply=6 win=2

=======================================================================================
=== Pair #6 | seed=1017 | v21 dominates v20 | game1=v21 wins game2=v21 wins ===
=======================================================================================

Initial board (shared by both games):
     0    1    2    3    4    5    6    7    8    9
0  .    .    .    .    .    1XW  .    .    .    .   
1  .    .    .    .    .    .    .    .    .    .   
2  .    1HS  .    .    1AS  .    .    .    .    .   
3  .    .    .    .    1SN  .    .    .    .    .   
4  .    1AS  .    .    .    .    .    .    .    .   
5  .    .    .    .    .    .    .    .    2AN  .   
6  .    .    .    .    .    2SS  .    .    .    .   
7  .    .    .    .    .    2AN  .    .    2HS  .   
8  .    .    .    .    .    .    .    .    .    .   
9  .    .    .    .    2XE  .    .    .    .    .   
turn=1 ply=0 win=0

Game 1: v21 starts — v21 wins (5 plies)    | Game 2: v20 starts — v21 wins (8 plies)   
-------------------------------------------+-------------------------------------------
  1. P1 v21 d= 3 n=  20k t= 208ms M51-61   |   1. P1 v20 d= 1 n=   7k t= 251ms P90@99  
  2. P2 v20 d= 3 n=  31k t= 211ms M48-38   |   2. P2 v21 d= 2 n=   3k t= 218ms P91@99  
  3. P1 v21 d= 3 n=  12k t= 213ms P90@99   |   3. P1 v20 d= 4 n=  15k t= 208ms R95+    
  4. P2 v20 d= 3 n=  29k t= 207ms P62@99   |   4. P2 v21 d= 2 n=   2k t= 210ms P92@0   
  5. P1 v21 d= 0 n=    0 t=   0ms P20@9    |   5. P1 v20 d= 3 n=  23k t= 208ms P84@9   
                                           |   6. P2 v21 d= 3 n=  10k t= 207ms P6@0    
                                           |   7. P1 v20 d= 3 n=  25k t= 210ms P98@9   
                                           |   8. P2 v21 d= 0 n=    0 t=   0ms P76@90  

Final board — Game 1 (v21 starts):
     0    1    2    3    4    5    6    7    8    9
0  1PS  .    .    .    .    1XW  .    .    .    .   
1  .    .    .    .    .    .    .    .    .    .   
2  .    1HS  .    .    1AS  .    .    .    .    .   
3  .    1AS  2PS  .    1SN  .    .    .    .    .   
4  .    .    .    .    .    .    .    .    .    .   
5  .    .    .    .    .    .    .    .    .    .   
6  .    .    .    .    .    2SS  .    .    2AN  .   
7  1PE  .    .    .    .    .    .    .    .    .   
8  .    .    .    .    .    .    .    .    .    .   
9  .    .    .    .    2XE  .    .    .    .    .   
turn=2 ply=5 win=1

Final board — Game 2 (v20 starts):
     0    1    2    3    4    5    6    7    8    9
0  1PS  2PS  2PN  .    .    1XN  .    .    1PE  .   
1  .    .    .    .    1PE  .    .    .    .    .   
2  .    .    .    .    .    .    2PW  .    .    .   
3  .    .    .    .    1SN  .    .    .    .    .   
4  .    1AS  .    .    .    .    .    .    .    .   
5  .    .    .    .    .    .    .    .    2AN  .   
6  .    .    .    .    .    2SS  .    .    .    .   
7  .    .    .    .    .    2AN  .    .    2HS  .   
8  .    .    .    .    .    .    .    .    .    .   
9  .    .    .    .    2XE  .    2PN  .    .    .   
turn=1 ply=8 win=2

=======================================================================================
=== Pair #7 | seed=1021 | v21 dominates v20 | game1=v21 wins game2=v21 wins ===
=======================================================================================

Initial board (shared by both games):
     0    1    2    3    4    5    6    7    8    9
0  .    .    1XE  .    .    .    .    .    .    .   
1  .    .    .    .    .    .    .    .    .    .   
2  .    .    .    1HS  .    .    .    1AS  .    .   
3  .    .    .    .    .    .    1SN  .    .    .   
4  .    .    .    1AS  .    .    .    .    .    .   
5  .    .    .    .    .    .    2AN  .    .    .   
6  .    .    .    2SS  .    .    .    .    .    .   
7  .    .    2AN  .    .    .    2HS  .    .    .   
8  .    .    .    .    .    .    .    .    .    .   
9  .    .    .    .    .    .    .    2XW  .    .   
turn=1 ply=0 win=0

Game 1: v21 starts — v21 wins (3 plies)    | Game 2: v20 starts — v21 wins (6 plies)   
-------------------------------------------+-------------------------------------------
  1. P1 v21 d= 3 n=  11k t= 208ms P95@9    |   1. P1 v20 d= 4 n=  42k t= 207ms P96@9   
  2. P2 v20 d= 3 n=  24k t= 212ms R7+      |   2. P2 v21 d= 3 n=   7k t= 208ms P56@9   
  3. P1 v21 d= 0 n=    0 t=   0ms P25@9    |   3. P1 v20 d= 3 n=  37k t= 207ms P67@0   
                                           |   4. P2 v21 d= 3 n=   9k t= 113ms X33<>7  
                                           |   5. P1 v20 d= 7 n=  39k t= 207ms X66<>92 
                                           |   6. P2 v21 d= 0 n=    0 t=   0ms R33+    

Final board — Game 1 (v21 starts):
     0    1    2    3    4    5    6    7    8    9
0  .    .    1XE  .    .    1PE  .    .    .    .   
1  .    .    .    .    .    .    .    .    .    .   
2  .    .    .    1HS  .    .    .    .    .    .   
3  .    .    .    .    .    .    1SN  .    .    .   
4  .    .    .    1AS  .    .    .    .    .    .   
5  .    .    .    .    .    .    2AN  .    .    .   
6  .    .    .    2SS  .    .    .    .    .    .   
7  .    .    2AN  .    .    1PE  .    .    .    .   
8  .    .    .    .    .    .    .    .    .    .   
9  .    .    .    .    .    .    .    2XN  .    .   
turn=2 ply=3 win=1

Final board — Game 2 (v20 starts):
     0    1    2    3    4    5    6    7    8    9
0  .    .    1SN  .    .    .    1PE  .    .    .   
1  .    .    .    .    .    .    .    .    .    .   
2  .    .    .    .    .    .    .    1AS  .    .   
3  .    .    .    .    .    .    1XE  1PN  .    .   
4  .    .    .    .    .    .    2PE  .    .    .   
5  .    .    .    .    .    .    2AN  .    .    .   
6  .    .    .    2XN  .    .    .    .    .    .   
7  .    .    2AN  .    .    .    2HS  .    .    .   
8  .    .    .    .    .    .    .    .    .    .   
9  .    .    .    .    .    .    .    2SS  .    .   
turn=1 ply=6 win=2

=======================================================================================
=== Pair #8 | seed=1025 | v21 dominates v20 | game1=v21 wins game2=v21 wins ===
=======================================================================================

Initial board (shared by both games):
     0    1    2    3    4    5    6    7    8    9
0  .    .    .    .    1XE  .    .    .    .    .   
1  .    .    .    .    .    .    .    .    .    .   
2  .    .    .    .    .    1AS  .    .    1HS  .   
3  .    .    .    .    .    1SE  .    .    .    .   
4  .    .    .    .    .    .    .    .    1AS  .   
5  .    2AN  .    .    .    .    .    .    .    .   
6  .    .    .    .    2SW  .    .    .    .    .   
7  .    2HS  .    .    2AN  .    .    .    .    .   
8  .    .    .    .    .    .    .    .    .    .   
9  .    .    .    .    .    2XW  .    .    .    .   
turn=1 ply=0 win=0

Game 1: v21 starts — v21 wins (7 plies)    | Game 2: v20 starts — v21 wins (4 plies)   
-------------------------------------------+-------------------------------------------
  1. P1 v21 d= 3 n=  24k t= 208ms M58-68   |   1. P1 v20 d= 3 n=  70k t= 207ms M58-68  
  2. P2 v20 d= 3 n=  36k t= 207ms M41-31   |   2. P2 v21 d= 3 n=  14k t= 207ms P0@90   
  3. P1 v21 d= 3 n=  13k t= 207ms P96@9    |   3. P1 v20 d= 3 n=  32k t= 207ms P66@99  
  4. P2 v20 d= 3 n=  33k t= 207ms P66@9    |   4. P2 v21 d= 0 n=    0 t=   0ms P70@0   
  5. P1 v21 d= 3 n=  11k t= 207ms P81@99   |                                           
  6. P2 v20 d= 3 n=  32k t= 207ms P30@0    |                                           
  7. P1 v21 d= 0 n=    0 t=   0ms P86@99   |                                           

Final board — Game 1 (v21 starts):
     0    1    2    3    4    5    6    7    8    9
0  .    .    .    .    1XE  .    1PE  .    .    .   
1  .    1PS  .    .    .    .    1PS  .    .    .   
2  .    .    .    .    .    1AS  .    .    1HS  .   
3  .    .    .    .    .    1SE  2PE  .    .    .   
4  .    .    .    .    .    .    .    .    .    .   
5  .    .    .    .    .    .    .    .    .    .   
6  2PN  .    .    .    2SW  .    .    .    .    .   
7  .    .    .    .    2AN  .    .    .    .    .   
8  .    .    .    .    .    .    .    .    .    .   
9  .    .    .    .    .    2XW  .    .    .    .   
turn=2 ply=7 win=1

Final board — Game 2 (v20 starts):
     0    1    2    3    4    5    6    7    8    9
0  .    .    .    .    1XE  .    .    .    .    .   
1  .    .    .    .    .    .    .    .    .    .   
2  2PN  .    .    .    .    .    .    .    .    .   
3  .    .    .    .    .    1SE  1PS  .    1AS  .   
4  .    .    .    .    .    .    .    .    .    .   
5  .    2AN  .    .    .    .    .    .    .    .   
6  .    .    .    .    2SW  .    .    .    .    .   
7  .    2HS  .    .    2AN  .    .    .    .    .   
8  .    .    .    .    .    .    .    .    .    .   
9  2PW  .    .    .    .    2XW  .    .    .    .   
turn=1 ply=4 win=2

=======================================================================================
=== Pair #9 | seed=1027 | v21 dominates v20 | game1=v21 wins game2=v21 wins ===
=======================================================================================

Initial board (shared by both games):
     0    1    2    3    4    5    6    7    8    9
0  .    1XE  .    .    .    .    .    .    .    .   
1  .    .    .    .    .    .    .    .    .    .   
2  .    .    .    .    1HS  .    .    .    1AS  .   
3  .    .    .    .    1SE  .    .    .    .    .   
4  .    .    .    .    1AS  .    .    .    .    .   
5  .    .    .    .    .    2AN  .    .    .    .   
6  .    .    .    .    .    2SW  .    .    .    .   
7  .    2AN  .    .    .    2HS  .    .    .    .   
8  .    .    .    .    .    .    .    .    .    .   
9  .    .    .    .    .    .    .    .    2XW  .   
turn=1 ply=0 win=0

Game 1: v21 starts — v21 wins (3 plies)    | Game 2: v20 starts — v21 wins (4 plies)   
-------------------------------------------+-------------------------------------------
  1. P1 v21 d= 3 n=  12k t= 207ms R91+     |   1. P1 v20 d= 4 n=  49k t= 207ms R91-    
  2. P2 v20 d= 3 n=  11k t=  27ms P3@90    |   2. P2 v21 d= 3 n=  13k t= 207ms R8+     
  3. P1 v21 d= 0 n=    0 t=   0ms P31@9    |   3. P1 v20 d= 3 n=  65k t= 207ms M54-55  
                                           |   4. P2 v21 d= 0 n=    0 t=   0ms P78@90  

Final board — Game 1 (v21 starts):
     0    1    2    3    4    5    6    7    8    9
0  .    1XS  .    .    .    .    .    .    .    .   
1  .    .    .    .    .    .    .    .    .    .   
2  .    .    .    .    1HS  .    .    .    1AS  .   
3  .    .    .    .    1SE  .    .    .    .    .   
4  .    .    .    .    1AS  .    .    .    .    .   
5  .    .    .    .    .    2AN  .    .    .    .   
6  .    1PE  .    .    .    2SW  .    .    .    .   
7  .    .    .    .    .    .    .    .    .    .   
8  .    .    .    .    .    .    .    .    .    .   
9  .    .    .    2PW  .    .    .    .    2XW  .   
turn=2 ply=3 win=1

Final board — Game 2 (v20 starts):
     0    1    2    3    4    5    6    7    8    9
0  .    1XN  .    .    .    .    .    .    .    .   
1  .    .    .    .    .    .    .    .    .    .   
2  .    .    .    .    .    .    .    .    2PW  .   
3  .    .    .    .    1SE  .    .    .    .    .   
4  .    .    .    .    .    1AS  .    .    .    .   
5  .    .    .    .    .    2AN  .    .    .    .   
6  .    .    .    .    .    2SW  .    .    .    .   
7  .    2AN  .    .    .    2HS  .    .    .    .   
8  .    .    .    .    .    .    .    .    .    .   
9  .    .    .    .    .    .    .    .    2XN  .   
turn=1 ply=4 win=2

=======================================================================================
=== Pair #10 | seed=1028 | v21 dominates v20 | game1=v21 wins game2=v21 wins ===
=======================================================================================

Initial board (shared by both games):
     0    1    2    3    4    5    6    7    8    9
0  .    .    .    1XE  .    .    .    .    .    .   
1  .    .    .    .    .    .    .    .    .    .   
2  .    .    1HS  .    .    .    1AS  .    .    .   
3  .    .    1SN  .    .    .    .    .    .    .   
4  .    .    1AS  .    .    .    .    .    .    .   
5  .    .    .    .    .    .    .    2AN  .    .   
6  .    .    .    .    .    .    .    2SS  .    .   
7  .    .    .    2AN  .    .    .    2HS  .    .   
8  .    .    .    .    .    .    .    .    .    .   
9  .    .    .    .    .    .    2XW  .    .    .   
turn=1 ply=0 win=0

Game 1: v21 starts — v21 wins (3 plies)    | Game 2: v20 starts — v21 wins (4 plies)   
-------------------------------------------+-------------------------------------------
  1. P1 v21 d= 3 n=  13k t= 207ms P95@9    |   1. P1 v20 d= 4 n=  55k t= 207ms R93-    
  2. P2 v20 d= 4 n=  50k t= 210ms R6-      |   2. P2 v21 d= 3 n=  14k t= 207ms P70@0   
  3. P1 v21 d= 0 n=    0 t=   0ms P25@9    |   3. P1 v20 d= 4 n=  62k t= 207ms P90@0   
                                           |   4. P2 v21 d= 0 n=    0 t=   0ms P0@90   

Final board — Game 1 (v21 starts):
     0    1    2    3    4    5    6    7    8    9
0  .    .    .    1XE  .    1PE  .    .    .    .   
1  .    .    .    .    .    .    .    .    .    .   
2  .    .    1HS  .    .    .    1AS  .    .    .   
3  .    .    1SN  .    .    .    .    .    .    .   
4  .    .    1AS  .    .    .    .    .    .    .   
5  .    .    .    .    .    .    .    2AN  .    .   
6  .    .    .    .    .    .    .    2SS  .    .   
7  .    .    .    2AN  .    1PE  .    .    .    .   
8  .    .    .    .    .    .    .    .    .    .   
9  .    .    .    .    .    .    2XS  .    .    .   
turn=2 ply=3 win=1

Final board — Game 2 (v20 starts):
     0    1    2    3    4    5    6    7    8    9
0  1PN  .    .    1XN  .    .    .    .    .    .   
1  .    .    .    .    .    .    .    .    .    .   
2  2PN  .    .    .    .    .    1AS  .    .    .   
3  .    .    1SN  .    .    .    .    .    .    .   
4  .    .    1AS  .    .    .    .    .    .    .   
5  .    .    .    .    .    .    .    2AN  .    .   
6  .    .    .    .    .    .    .    2SS  .    .   
7  .    .    .    2AN  .    .    .    2HS  .    .   
8  .    .    .    .    .    .    .    .    .    .   
9  2PW  .    .    .    .    .    2XW  .    .    .   
turn=1 ply=4 win=2

=======================================================================================
=== Pair #11 | seed=1029 | v21 dominates v20 | game1=v21 wins game2=v21 wins ===
=======================================================================================

Initial board (shared by both games):
     0    1    2    3    4    5    6    7    8    9
0  .    .    .    .    .    .    1XW  .    .    .   
1  .    .    .    .    .    .    .    .    .    .   
2  .    .    .    1AS  .    .    .    .    1HS  .   
3  .    1SE  .    .    .    .    .    .    .    .   
4  .    .    .    .    .    .    .    .    1AS  .   
5  .    2AN  .    .    .    .    .    .    .    .   
6  .    .    .    .    .    .    .    .    2SW  .   
7  .    2HS  .    .    .    .    2AN  .    .    .   
8  .    .    .    .    .    .    .    .    .    .   
9  .    .    .    2XE  .    .    .    .    .    .   
turn=1 ply=0 win=0

Game 1: v21 starts — v21 wins (3 plies)    | Game 2: v20 starts — v21 wins (6 plies)   
-------------------------------------------+-------------------------------------------
  1. P1 v21 d= 3 n=  13k t= 207ms R96-     |   1. P1 v20 d= 4 n=  31k t= 207ms P91@99  
  2. P2 v20 d= 4 n=  38k t= 207ms X38<>3   |   2. P2 v21 d= 3 n=   7k t= 208ms P51@9   
  3. P1 v21 d= 0 n=    0 t=   0ms P26@99   |   3. P1 v20 d= 3 n=  38k t= 207ms P60@0   
                                           |   4. P2 v21 d= 3 n=   9k t= 116ms X38<>3  
                                           |   5. P1 v20 d= 7 n=  62k t= 207ms X61<>96 
                                           |   6. P2 v21 d= 0 n=    0 t=   0ms R38-    

Final board — Game 1 (v21 starts):
     0    1    2    3    4    5    6    7    8    9
0  .    .    .    .    .    .    1XS  .    .    .   
1  .    .    .    .    .    .    .    .    .    .   
2  .    .    .    1AS  .    .    .    .    1HS  .   
3  .    1SE  .    .    .    .    .    .    .    .   
4  .    .    .    .    .    .    .    .    1AS  .   
5  .    2AN  .    .    .    .    .    .    .    .   
6  .    .    .    .    .    .    .    .    2XE  .   
7  .    .    .    .    .    .    1PS  .    .    .   
8  .    .    .    .    .    .    .    .    .    .   
9  .    .    .    2SW  .    .    .    .    .    .   
turn=2 ply=3 win=1

Final board — Game 2 (v20 starts):
     0    1    2    3    4    5    6    7    8    9
0  .    1PS  .    .    .    .    1SE  .    .    .   
1  .    .    .    .    .    .    .    .    .    .   
2  .    .    .    1AS  .    .    .    .    .    .   
3  1PN  1XW  .    .    .    .    .    .    .    .   
4  .    2PE  .    .    .    .    .    .    .    .   
5  .    2AN  .    .    .    .    .    .    .    .   
6  .    .    .    .    .    .    .    .    2XN  .   
7  .    2HS  .    .    .    .    2AN  .    .    .   
8  .    .    .    .    .    .    .    .    .    .   
9  .    .    .    2SW  .    .    .    .    .    .   
turn=1 ply=6 win=2

=======================================================================================
=== Pair #12 | seed=1030 | v21 dominates v20 | game1=v21 wins game2=v21 wins ===
=======================================================================================

Initial board (shared by both games):
     0    1    2    3    4    5    6    7    8    9
0  .    .    .    .    .    .    .    1XW  .    .   
1  .    .    .    .    .    .    .    .    .    .   
2  .    .    1AS  1HS  .    .    .    .    .    .   
3  .    .    .    .    .    .    .    .    1SE  .   
4  .    .    .    1AS  .    .    .    .    .    .   
5  .    .    .    .    .    .    2AN  .    .    .   
6  .    2SW  .    .    .    .    .    .    .    .   
7  .    .    .    .    .    .    2HS  2AN  .    .   
8  .    .    .    .    .    .    .    .    .    .   
9  .    .    2XE  .    .    .    .    .    .    .   
turn=1 ply=0 win=0

Game 1: v21 starts — v21 wins (3 plies)    | Game 2: v20 starts — v21 wins (100 plies) 
-------------------------------------------+-------------------------------------------
  1. P1 v21 d= 3 n=  15k t= 207ms R97-     |   1. P1 v20 d= 4 n=  58k t= 207ms P95@99  
  2. P2 v20 d= 4 n= 124k t= 207ms P77@99   |   2. P2 v21 d= 4 n=   2k t=  52ms P5@0    
  3. P1 v21 d= 0 n=    0 t=   0ms P76@99   |   3. P1 v20 d= 4 n=  56k t= 207ms P95@99  
                                           |   4. P2 v21 d= 4 n=   2k t=  88ms P5@0    
                                           |   5. P1 v20 d= 4 n=  48k t= 207ms P95@99  
                                           |   6. P2 v21 d= 4 n=   2k t=  78ms P5@0    
                                           |   7. P1 v20 d= 4 n=  58k t= 207ms P95@99  
                                           |   8. P2 v21 d= 4 n=   2k t=  86ms P5@0    
                                           |   9. P1 v20 d= 4 n=  42k t= 208ms P95@99  
                                           |  10. P2 v21 d= 4 n=   2k t=  98ms P5@0    
                                           |  11. P1 v20 d= 4 n=  46k t= 207ms P95@99  
                                           |  12. P2 v21 d= 4 n=   2k t=  84ms P5@0    
                                           |  13. P1 v20 d= 4 n=  50k t= 207ms P95@99  
                                           |  14. P2 v21 d= 4 n=   2k t=  70ms P5@0    
                                           |  15. P1 v20 d= 4 n=  48k t= 211ms P95@99  
                                           |  16. P2 v21 d= 4 n=   2k t=  70ms P5@0    
                                           |  17. P1 v20 d= 4 n=  68k t= 207ms P95@99  
                                           |  18. P2 v21 d= 4 n=   2k t=  70ms P5@0    
                                           |  19. P1 v20 d= 4 n=  70k t= 207ms P95@99  
                                           |  20. P2 v21 d= 4 n=   2k t=  71ms P5@0    
                                           |  21. P1 v20 d= 4 n=  63k t= 207ms P95@99  
                                           |  22. P2 v21 d= 4 n=   2k t=  68ms P5@0    
                                           |  23. P1 v20 d= 4 n=  63k t= 207ms P95@99  
                                           |  24. P2 v21 d= 4 n=   2k t=  66ms P5@0    
                                           |  25. P1 v20 d= 4 n=  51k t= 207ms P95@99  
                                           |  26. P2 v21 d= 4 n=   2k t=  68ms P5@0    
                                           |  27. P1 v20 d= 4 n=  54k t= 207ms P95@99  
                                           |  28. P2 v21 d= 4 n=   2k t=  71ms P5@0    
                                           |  29. P1 v20 d= 4 n=  56k t= 207ms P95@99  
                                           |  30. P2 v21 d= 4 n=   2k t=  92ms P5@0    
                                           |  31. P1 v20 d= 4 n=  57k t= 207ms P95@99  
                                           |  32. P2 v21 d= 4 n=   2k t=  92ms P5@0    
                                           |  33. P1 v20 d= 4 n=  49k t= 211ms P95@99  
                                           |  34. P2 v21 d= 4 n=   2k t=  89ms P5@0    
                                           |  35. P1 v20 d= 4 n=  57k t= 207ms P95@99  
                                           |  36. P2 v21 d= 4 n=   2k t=  93ms P5@0    
                                           |  37. P1 v20 d= 4 n=  55k t= 207ms P95@99  
                                           |  38. P2 v21 d= 4 n=   2k t=  88ms P5@0    
                                           |  39. P1 v20 d= 4 n=  42k t= 207ms P95@99  
                                           |  40. P2 v21 d= 4 n=   2k t=  78ms P5@0    
                                           |  41. P1 v20 d= 4 n=  62k t= 207ms P95@99  
                                           |  42. P2 v21 d= 4 n=   2k t=  79ms P5@0    
                                           |  43. P1 v20 d= 4 n=  67k t= 207ms P95@99  
                                           |  44. P2 v21 d= 4 n=   2k t=  65ms P5@0    
                                           |  45. P1 v20 d= 4 n=  61k t= 207ms P95@99  
                                           |  46. P2 v21 d= 4 n=   2k t=  95ms P5@0    
                                           |  47. P1 v20 d= 4 n=  68k t= 207ms P95@99  
                                           |  48. P2 v21 d= 4 n=   2k t=  69ms P5@0    
                                           |  49. P1 v20 d= 4 n=  69k t= 207ms P95@99  
                                           |  50. P2 v21 d= 4 n=   2k t=  74ms P5@0    
                                           |  51. P1 v20 d= 4 n=  82k t= 207ms P95@99  
                                           |  52. P2 v21 d= 4 n=   2k t=  70ms P5@0    
                                           |  53. P1 v20 d= 4 n=  80k t= 207ms P95@99  
                                           |  54. P2 v21 d= 4 n=   2k t=  58ms P5@0    
                                           |  55. P1 v20 d= 4 n=  68k t= 207ms P95@99  
                                           |  56. P2 v21 d= 4 n=   2k t=  65ms P5@0    
                                           |  57. P1 v20 d= 4 n=  68k t= 207ms P95@99  
                                           |  58. P2 v21 d= 4 n=   2k t=  67ms P5@0    
                                           |  59. P1 v20 d= 4 n=  61k t= 207ms P95@99  
                                           |  60. P2 v21 d= 4 n=   2k t=  72ms P5@0    
                                           |  61. P1 v20 d= 4 n=  66k t= 207ms P95@99  
                                           |  62. P2 v21 d= 4 n=   2k t=  74ms P5@0    
                                           |  63. P1 v20 d= 4 n=  71k t= 208ms P95@99  
                                           |  64. P2 v21 d= 4 n=   2k t=  69ms P5@0    
                                           |  65. P1 v20 d= 4 n=  77k t= 208ms P95@99  
                                           |  66. P2 v21 d= 4 n=   2k t=  68ms P5@0    
                                           |  67. P1 v20 d= 4 n=  81k t= 207ms P95@99  
                                           |  68. P2 v21 d= 4 n=   2k t=  69ms P5@0    
                                           |  69. P1 v20 d= 4 n=  81k t= 207ms P95@99  
                                           |  70. P2 v21 d= 4 n=   2k t=  70ms P5@0    
                                           |  71. P1 v20 d= 4 n=  76k t= 207ms P95@99  
                                           |  72. P2 v21 d= 4 n=   2k t=  64ms P5@0    
                                           |  73. P1 v20 d= 4 n=  86k t= 207ms P95@99  
                                           |  74. P2 v21 d= 4 n=   2k t=  64ms P5@0    
                                           |  75. P1 v20 d= 4 n=  76k t= 207ms P95@99  
                                           |  76. P2 v21 d= 4 n=   2k t=  60ms P5@0    
                                           |  77. P1 v20 d= 4 n=  82k t= 207ms P95@99  
                                           |  78. P2 v21 d= 4 n=   2k t=  64ms P5@0    
                                           |  79. P1 v20 d= 4 n=  83k t= 207ms P95@99  
                                           |  80. P2 v21 d= 4 n=   2k t=  54ms P5@0    
                                           |  81. P1 v20 d= 4 n=  96k t= 207ms P95@99  
                                           |  82. P2 v21 d= 4 n=   2k t=  60ms P5@0    
                                           |  83. P1 v20 d= 4 n=  72k t= 207ms P95@99  
                                           |  84. P2 v21 d= 4 n=   2k t=  54ms P5@0    
                                           |  85. P1 v20 d= 4 n= 113k t= 207ms P95@99  
                                           |  86. P2 v21 d= 4 n=   2k t=  46ms P5@0    
                                           |  87. P1 v20 d= 4 n= 108k t= 207ms P95@99  
                                           |  88. P2 v21 d= 4 n=   2k t=  50ms P5@0    
                                           |  89. P1 v20 d= 4 n= 104k t= 207ms P95@99  
                                           |  90. P2 v21 d= 4 n=   2k t=  49ms P5@0    
                                           |  91. P1 v20 d= 4 n= 108k t= 207ms P95@99  
                                           |  92. P2 v21 d= 4 n=   2k t=  57ms P5@0    
                                           |  93. P1 v20 d= 4 n=  99k t= 207ms P95@99  
                                           |  94. P2 v21 d= 4 n=   2k t=  46ms P5@0    
                                           |  95. P1 v20 d= 4 n=  99k t= 213ms P95@99  
                                           |  96. P2 v21 d= 4 n=   2k t=  83ms P5@0    
                                           |  97. P1 v20 d= 4 n=  26k t= 168ms P95@99  
                                           |  98. P2 v21 d= 4 n=   2k t=  62ms P5@0    
                                           |  99. P1 v20 d=13 n=   9k t=  49ms P62@0   
                                           | 100. P2 v21 d= 0 n=    0 t=   0ms P90@0   

Final board — Game 1 (v21 starts):
     0    1    2    3    4    5    6    7    8    9
0  .    .    .    .    .    .    .    1XS  .    .   
1  .    .    .    .    .    .    .    .    .    .   
2  .    .    1AS  1HS  .    .    1PS  2PS  .    .   
3  .    .    .    .    .    .    .    .    1SE  .   
4  .    .    .    1AS  .    .    .    .    .    .   
5  .    .    .    .    .    .    .    .    .    .   
6  .    2SW  .    .    .    .    .    .    .    .   
7  .    .    .    .    .    .    .    .    .    .   
8  .    .    .    .    .    .    .    .    .    .   
9  .    .    2XE  .    .    .    .    .    .    .   
turn=2 ply=3 win=1

Final board — Game 2 (v20 starts):
     0    1    2    3    4    5    6    7    8    9
0  2PN  .    .    .    .    .    .    1XW  .    .   
1  .    .    .    .    .    .    .    .    .    .   
2  .    .    1AS  1HS  .    .    .    .    .    .   
3  .    .    1PN  .    .    .    .    .    1SE  .   
4  .    .    .    1AS  .    .    .    .    .    .   
5  .    .    .    .    .    .    2AN  .    .    .   
6  .    2SW  .    .    .    .    .    .    .    .   
7  .    .    .    .    .    .    2HS  2AN  .    .   
8  .    .    .    .    .    .    .    .    .    .   
9  .    .    2XE  .    .    2PN  .    .    .    .   
turn=1 ply=100 win=2

=======================================================================================
=== Pair #13 | seed=1031 | v21 dominates v20 | game1=v21 wins game2=v21 wins ===
=======================================================================================

Initial board (shared by both games):
     0    1    2    3    4    5    6    7    8    9
0  .    .    .    1XE  .    .    .    .    .    .   
1  .    .    .    .    .    .    .    .    .    .   
2  .    .    .    .    .    .    1AS  1HS  .    .   
3  .    .    .    .    .    .    .    .    .    1SN 
4  .    .    .    .    .    .    .    1AS  .    .   
5  .    .    2AN  .    .    .    .    .    .    .   
6  2SS  .    .    .    .    .    .    .    .    .   
7  .    .    2HS  2AN  .    .    .    .    .    .   
8  .    .    .    .    .    .    .    .    .    .   
9  .    .    .    .    .    .    2XW  .    .    .   
turn=1 ply=0 win=0

Game 1: v21 starts — v21 wins (5 plies)    | Game 2: v20 starts — v21 wins (8 plies)   
-------------------------------------------+-------------------------------------------
  1. P1 v21 d= 3 n=  13k t= 207ms R93+     |   1. P1 v20 d= 3 n=  10k t=  24ms R93+    
  2. P2 v20 d= 4 n=  81k t= 209ms P73@9    |   2. P2 v21 d= 6 n=  12k t= 208ms P53@9   
  3. P1 v21 d= 4 n=   2k t=  16ms X69<>93  |   3. P1 v20 d= 3 n= 100k t= 207ms P59@0   
  4. P2 v20 d= 4 n=  47k t= 207ms R6+      |   4. P2 v21 d= 3 n=  10k t= 207ms R6+     
  5. P1 v21 d= 0 n=    0 t=   0ms P29@99   |   5. P1 v20 d= 4 n=  52k t= 207ms P26@90  
                                           |   6. P2 v21 d= 4 n=   2k t=  27ms X30<>6  
                                           |   7. P1 v20 d= 3 n=  57k t= 207ms P49@0   
                                           |   8. P2 v21 d= 0 n=    0 t=   0ms P70@0   

Final board — Game 1 (v21 starts):
     0    1    2    3    4    5    6    7    8    9
0  .    .    .    1SN  .    .    .    .    .    .   
1  .    .    .    .    .    .    .    .    .    .   
2  .    .    .    2PE  .    .    .    1HS  .    .   
3  .    .    .    .    .    .    .    .    .    1XS 
4  .    .    .    .    .    .    .    1AS  .    .   
5  .    .    2AN  .    .    .    .    .    .    .   
6  2SS  .    .    .    .    .    .    .    .    .   
7  .    .    .    .    .    .    .    .    .    1PS 
8  .    .    .    .    .    .    .    .    .    .   
9  .    .    .    .    .    .    2XN  .    .    .   
turn=2 ply=5 win=1

Final board — Game 2 (v20 starts):
     0    1    2    3    4    5    6    7    8    9
0  .    .    .    1XS  .    .    .    .    .    .   
1  .    .    .    .    .    .    .    .    .    .   
2  2PN  .    .    .    .    .    .    .    .    .   
3  .    .    .    .    .    .    .    .    .    1SN 
4  .    .    .    2PE  .    .    .    .    .    1PN 
5  .    .    2AN  .    .    .    .    .    .    1PN 
6  2XN  .    .    .    .    .    .    .    .    .   
7  .    .    2HS  .    .    .    1PW  .    .    .   
8  .    .    .    .    .    .    .    .    .    .   
9  .    .    .    .    .    .    2SS  .    .    .   
turn=1 ply=8 win=2

=======================================================================================
=== Pair #14 | seed=1038 | v21 dominates v20 | game1=v21 wins game2=v21 wins ===
=======================================================================================

Initial board (shared by both games):
     0    1    2    3    4    5    6    7    8    9
0  .    1XE  .    .    .    .    .    .    .    .   
1  .    .    .    .    .    .    .    .    .    .   
2  .    .    .    .    .    1HS  .    .    1AS  .   
3  .    .    .    .    1SE  .    .    .    .    .   
4  .    .    .    .    .    1AS  .    .    .    .   
5  .    .    .    .    2AN  .    .    .    .    .   
6  .    .    .    .    .    2SW  .    .    .    .   
7  .    2AN  .    .    2HS  .    .    .    .    .   
8  .    .    .    .    .    .    .    .    .    .   
9  .    .    .    .    .    .    .    .    2XW  .   
turn=1 ply=0 win=0

Game 1: v21 starts — v21 wins (3 plies)    | Game 2: v20 starts — v21 wins (6 plies)   
-------------------------------------------+-------------------------------------------
  1. P1 v21 d= 3 n=  15k t= 207ms R91+     |   1. P1 v20 d= 4 n=  92k t= 207ms P94@9   
  2. P2 v20 d= 4 n=  59k t= 207ms P38@90   |   2. P2 v21 d= 7 n=  23k t= 207ms P54@9   
  3. P1 v21 d= 0 n=    0 t=   0ms P61@9    |   3. P1 v20 d= 4 n=  95k t= 207ms P53@9   
                                           |   4. P2 v21 d= 6 n=   7k t= 104ms M35-34  
                                           |   5. P1 v20 d= 4 n= 110k t= 207ms P31@9   
                                           |   6. P2 v21 d= 0 n=    0 t=   0ms P5@90   

Final board — Game 1 (v21 starts):
     0    1    2    3    4    5    6    7    8    9
0  .    1XS  .    .    .    .    .    .    .    .   
1  .    .    .    .    .    .    .    .    .    .   
2  .    .    .    .    .    1HS  .    .    1AS  .   
3  .    1PE  .    .    1SE  .    .    .    .    .   
4  .    .    .    .    .    1AS  .    .    .    .   
5  .    .    .    .    .    .    .    .    .    .   
6  .    .    .    .    .    2SW  .    .    2PW  .   
7  .    .    .    .    .    .    .    .    .    .   
8  .    .    .    .    .    .    .    .    .    .   
9  .    .    .    .    .    .    .    .    2XW  .   
turn=2 ply=3 win=1

Final board — Game 2 (v20 starts):
     0    1    2    3    4    5    6    7    8    9
0  .    1XE  .    .    1PE  .    .    .    .    .   
1  .    .    .    .    .    .    .    .    .    .   
2  .    .    .    .    .    .    .    .    1AS  .   
3  .    .    .    .    1SE  .    .    .    .    .   
4  .    .    .    1PE  2PE  .    .    .    .    .   
5  .    .    .    .    2AN  .    .    .    .    .   
6  .    1PE  .    .    2SW  .    .    .    .    .   
7  .    2AN  .    .    2HS  .    .    .    .    .   
8  .    .    .    .    .    .    .    .    .    .   
9  .    .    .    .    .    2PW  .    .    2XW  .   
turn=1 ply=6 win=2

=======================================================================================
=== Pair #15 | seed=1039 | v21 dominates v20 | game1=v21 wins game2=v21 wins ===
=======================================================================================

Initial board (shared by both games):
     0    1    2    3    4    5    6    7    8    9
0  .    .    .    .    .    .    1XW  .    .    .   
1  .    .    .    .    .    .    .    .    .    .   
2  .    .    1HS  1AS  .    .    .    .    .    .   
3  .    .    .    .    .    .    .    .    .    1SE 
4  .    .    1AS  .    .    .    .    .    .    .   
5  .    .    .    .    .    .    .    2AN  .    .   
6  2SW  .    .    .    .    .    .    .    .    .   
7  .    .    .    .    .    .    2AN  2HS  .    .   
8  .    .    .    .    .    .    .    .    .    .   
9  .    .    .    2XE  .    .    .    .    .    .   
turn=1 ply=0 win=0

Game 1: v21 starts — v21 wins (5 plies)    | Game 2: v20 starts — v21 wins (6 plies)   
-------------------------------------------+-------------------------------------------
  1. P1 v21 d= 3 n=  14k t= 207ms R96-     |   1. P1 v20 d= 4 n=  63k t= 209ms R96-    
  2. P2 v20 d= 3 n= 103k t= 207ms P36@99   |   2. P2 v21 d= 7 n=  15k t= 207ms P36@99  
  3. P1 v21 d= 3 n=  10k t= 207ms P77@9    |   3. P1 v20 d= 4 n=  70k t= 207ms P7@0    
  4. P2 v20 d= 4 n=  56k t= 207ms M30-20   |   4. P2 v21 d= 4 n=   2k t=  12ms R3-     
  5. P1 v21 d= 0 n=    0 t=   0ms P76@9    |   5. P1 v20 d= 4 n=  98k t= 207ms X69<>96 
                                           |   6. P2 v21 d= 0 n=    0 t=   0ms P73@90  

Final board — Game 1 (v21 starts):
     0    1    2    3    4    5    6    7    8    9
0  .    .    .    .    .    .    1XS  .    .    .   
1  .    .    .    .    .    .    .    .    .    .   
2  .    .    1HS  1AS  .    .    1PE  1PE  .    .   
3  .    .    .    .    .    .    .    .    .    1SE 
4  .    .    1AS  .    .    .    .    .    .    .   
5  .    .    .    .    .    .    .    .    .    .   
6  .    .    .    .    .    .    2PS  .    .    .   
7  2SW  .    .    .    .    .    .    .    .    .   
8  .    .    .    .    .    .    .    .    .    .   
9  .    .    .    2XE  .    .    .    .    .    .   
turn=2 ply=5 win=1

Final board — Game 2 (v20 starts):
     0    1    2    3    4    5    6    7    8    9
0  .    .    .    .    .    .    1SE  .    .    .   
1  .    .    .    .    .    .    .    .    .    .   
2  .    .    .    2PW  .    .    .    .    .    .   
3  .    .    .    .    .    .    .    .    .    1XS 
4  .    .    1AS  .    .    .    .    .    .    .   
5  .    .    .    .    .    .    .    2AN  .    .   
6  2SW  .    .    .    .    .    2PS  .    .    .   
7  .    .    .    .    .    .    .    2HS  .    .   
8  .    .    .    .    .    .    .    .    .    .   
9  .    .    .    2XN  .    .    .    1PN  .    .   
turn=1 ply=6 win=2

=======================================================================================
=== Pair #16 | seed=1040 | v21 dominates v20 | game1=v21 wins game2=v21 wins ===
=======================================================================================

Initial board (shared by both games):
     0    1    2    3    4    5    6    7    8    9
0  .    .    .    .    .    .    .    1XW  .    .   
1  .    .    .    .    .    .    .    .    .    .   
2  .    .    1AS  .    1HS  .    .    .    .    .   
3  .    .    .    .    1SN  .    .    .    .    .   
4  .    .    .    .    1AS  .    .    .    .    .   
5  .    .    .    .    .    2AN  .    .    .    .   
6  .    .    .    .    .    2SS  .    .    .    .   
7  .    .    .    .    .    2HS  .    2AN  .    .   
8  .    .    .    .    .    .    .    .    .    .   
9  .    .    2XE  .    .    .    .    .    .    .   
turn=1 ply=0 win=0

Game 1: v21 starts — v21 wins (5 plies)    | Game 2: v20 starts — v21 wins (6 plies)   
-------------------------------------------+-------------------------------------------
  1. P1 v21 d= 3 n=  13k t= 207ms R97-     |   1. P1 v20 d= 3 n=  10k t=  21ms R97-    
  2. P2 v20 d= 4 n=  78k t= 207ms P77@99   |   2. P2 v21 d= 5 n=  12k t= 207ms P77@99  
  3. P1 v21 d= 7 n=  14k t= 207ms P76@99   |   3. P1 v20 d= 6 n=  86k t= 207ms X64<>97 
  4. P2 v20 d= 3 n=   9k t=  36ms R2-      |   4. P2 v21 d= 3 n=  19k t= 207ms R2-     
  5. P1 v21 d= 0 n=    0 t=   0ms P36@99   |   5. P1 v20 d= 4 n=  60k t= 207ms X97<>74 
                                           |   6. P2 v21 d= 0 n=    0 t=   0ms P92@0   

Final board — Game 1 (v21 starts):
     0    1    2    3    4    5    6    7    8    9
0  .    .    .    .    .    .    .    1XS  .    .   
1  .    .    .    .    .    .    .    .    .    .   
2  .    .    .    .    1HS  .    1PS  2PS  .    .   
3  .    .    .    .    1SN  .    .    .    .    .   
4  .    .    .    .    1AS  .    .    .    .    .   
5  .    .    .    .    .    2AN  .    .    .    .   
6  .    .    .    .    .    2SS  1PS  .    .    .   
7  .    .    .    .    .    .    .    .    .    .   
8  .    .    .    .    .    .    .    .    .    .   
9  .    .    2XN  .    .    .    .    .    .    .   
turn=2 ply=5 win=1

Final board — Game 2 (v20 starts):
     0    1    2    3    4    5    6    7    8    9
0  .    .    2PN  .    .    .    .    .    .    .   
1  .    .    .    .    .    .    .    .    .    .   
2  .    .    .    .    1SN  .    .    2PS  .    .   
3  .    .    .    .    1XS  .    .    .    .    .   
4  .    .    .    .    1AS  .    .    .    .    .   
5  .    .    .    .    .    2AN  .    .    .    .   
6  .    .    .    .    .    2SS  .    .    .    .   
7  .    .    .    .    .    2HS  .    .    .    .   
8  .    .    .    .    .    .    .    .    .    .   
9  .    .    2XN  .    .    .    .    .    .    .   
turn=1 ply=6 win=2

=======================================================================================
=== Pair #17 | seed=1044 | v21 dominates v20 | game1=v21 wins game2=v21 wins ===
=======================================================================================

Initial board (shared by both games):
     0    1    2    3    4    5    6    7    8    9
0  .    .    .    .    1XE  .    .    .    .    .   
1  .    .    .    .    .    .    .    .    .    .   
2  .    .    .    .    .    1AS  .    .    1HS  .   
3  .    .    .    .    .    .    .    1SN  .    .   
4  .    .    .    .    .    .    .    .    1AS  .   
5  .    2AN  .    .    .    .    .    .    .    .   
6  .    .    2SS  .    .    .    .    .    .    .   
7  .    2HS  .    .    2AN  .    .    .    .    .   
8  .    .    .    .    .    .    .    .    .    .   
9  .    .    .    .    .    2XW  .    .    .    .   
turn=1 ply=0 win=0

Game 1: v21 starts — v21 wins (5 plies)    | Game 2: v20 starts — v21 wins (4 plies)   
-------------------------------------------+-------------------------------------------
  1. P1 v21 d= 3 n=  13k t= 207ms M67-77   |   1. P1 v20 d= 4 n=  57k t= 207ms M67-77  
  2. P2 v20 d= 4 n=  48k t= 207ms M32-22   |   2. P2 v21 d= 3 n=  12k t= 207ms P2@90   
  3. P1 v21 d= 3 n=  13k t= 207ms P97@9    |   3. P1 v20 d= 4 n=  43k t= 207ms P90@0   
  4. P2 v20 d= 4 n=  64k t= 207ms P90@0    |   4. P2 v21 d= 0 n=    0 t=   0ms P37@0   
  5. P1 v21 d= 0 n=    0 t=   0ms P71@99   |                                           

Final board — Game 1 (v21 starts):
     0    1    2    3    4    5    6    7    8    9
0  2PN  .    .    .    1XE  .    .    1PE  .    .   
1  .    .    .    .    .    .    .    .    .    .   
2  .    1PS  .    .    .    .    .    1SN  1HS  .   
3  .    .    .    .    .    .    .    .    .    .   
4  .    .    .    .    .    .    .    .    1AS  .   
5  .    .    .    .    .    .    .    .    .    .   
6  .    .    .    .    .    .    .    .    .    .   
7  .    .    2SS  .    2AN  .    .    .    .    .   
8  .    .    .    .    .    .    .    .    .    .   
9  .    .    .    .    .    2XW  .    .    .    .   
turn=2 ply=5 win=1

Final board — Game 2 (v20 starts):
     0    1    2    3    4    5    6    7    8    9
0  1PN  .    .    .    1XE  .    .    .    .    .   
1  .    .    .    .    .    .    .    .    .    .   
2  .    .    .    .    .    1AS  .    1SN  .    .   
3  .    .    .    .    .    .    .    .    .    .   
4  .    .    .    .    .    .    .    .    1AS  .   
5  .    2AN  .    .    .    .    .    .    .    .   
6  .    .    2SS  .    .    .    .    2PN  .    .   
7  .    2HS  .    .    2AN  .    .    .    .    .   
8  .    .    .    .    .    .    .    .    .    .   
9  .    .    2PW  .    .    2XW  .    .    .    .   
turn=1 ply=4 win=2

=======================================================================================
=== Pair #18 | seed=1045 | v21 dominates v20 | game1=v21 wins game2=v21 wins ===
=======================================================================================

Initial board (shared by both games):
     0    1    2    3    4    5    6    7    8    9
0  .    .    .    .    .    .    1XW  .    .    .   
1  .    .    .    .    .    .    .    .    .    .   
2  .    .    .    1AS  1HS  .    .    .    .    .   
3  .    .    1SE  .    .    .    .    .    .    .   
4  .    .    .    .    1AS  .    .    .    .    .   
5  .    .    .    .    .    2AN  .    .    .    .   
6  .    .    .    .    .    .    .    2SW  .    .   
7  .    .    .    .    .    2HS  2AN  .    .    .   
8  .    .    .    .    .    .    .    .    .    .   
9  .    .    .    2XE  .    .    .    .    .    .   
turn=1 ply=0 win=0

Game 1: v21 starts — v21 wins (3 plies)    | Game 2: v20 starts — v21 wins (6 plies)   
-------------------------------------------+-------------------------------------------
  1. P1 v21 d= 3 n=  12k t= 208ms P90@99   |   1. P1 v20 d= 4 n=  42k t= 207ms P85@99  
  2. P2 v20 d= 4 n=  35k t= 207ms P14@0    |   2. P2 v21 d= 5 n=  12k t= 207ms P55@9   
  3. P1 v21 d= 0 n=    0 t=   0ms P20@9    |   3. P1 v20 d= 4 n=  35k t= 207ms P60@0   
                                           |   4. P2 v21 d= 3 n=  11k t= 208ms P7@0    
                                           |   5. P1 v20 d= 4 n=  34k t= 207ms P61@0   
                                           |   6. P2 v21 d= 0 n=    0 t=   0ms P34@90  

Final board — Game 1 (v21 starts):
     0    1    2    3    4    5    6    7    8    9
0  1PS  .    .    .    .    .    1XW  .    .    .   
1  .    .    .    .    .    .    .    .    .    .   
2  .    .    .    1AS  1HS  .    .    .    .    .   
3  .    .    1SE  .    .    .    .    .    .    .   
4  .    .    .    .    1AS  .    .    .    .    .   
5  .    .    .    .    .    2AN  .    .    .    .   
6  .    .    .    .    .    .    .    2SW  .    .   
7  1PE  .    .    .    .    .    2AN  .    .    .   
8  .    .    .    .    2PN  .    .    .    .    .   
9  .    .    .    2XE  .    .    .    .    .    .   
turn=2 ply=3 win=1

Final board — Game 2 (v20 starts):
     0    1    2    3    4    5    6    7    8    9
0  .    .    .    .    .    .    1XW  .    .    .   
1  .    .    .    .    .    1PS  .    .    .    .   
2  .    .    .    1AS  .    .    .    .    .    .   
3  1PN  1PN  1SE  .    .    .    .    .    .    .   
4  .    .    .    .    .    2PE  .    .    .    .   
5  .    .    .    .    .    2AN  .    .    .    .   
6  .    .    .    .    2PW  .    .    2SW  .    .   
7  .    .    .    .    .    2HS  2AN  .    .    .   
8  .    .    .    .    .    .    .    .    .    .   
9  .    .    .    2XE  .    .    .    2PN  .    .   
turn=1 ply=6 win=2

=======================================================================================
=== Pair #19 | seed=1046 | v21 dominates v20 | game1=v21 wins game2=v21 wins ===
=======================================================================================

Initial board (shared by both games):
     0    1    2    3    4    5    6    7    8    9
0  .    .    .    .    .    .    .    .    1XW  .   
1  .    .    .    .    .    .    .    .    .    .   
2  .    1AS  .    .    .    1HS  .    .    .    .   
3  .    .    .    .    .    1SN  .    .    .    .   
4  .    .    .    .    .    1AS  .    .    .    .   
5  .    .    .    .    2AN  .    .    .    .    .   
6  .    .    .    .    2SS  .    .    .    .    .   
7  .    .    .    .    2HS  .    .    .    2AN  .   
8  .    .    .    .    .    .    .    .    .    .   
9  .    2XE  .    .    .    .    .    .    .    .   
turn=1 ply=0 win=0

Game 1: v21 starts — v21 wins (5 plies)    | Game 2: v20 starts — v21 wins (6 plies)   
-------------------------------------------+-------------------------------------------
  1. P1 v21 d= 3 n=  14k t= 207ms R98-     |   1. P1 v20 d= 3 n=  10k t=  18ms R98-    
  2. P2 v20 d= 4 n= 105k t= 207ms P78@99   |   2. P2 v21 d= 5 n=  13k t= 207ms P78@99  
  3. P1 v21 d= 7 n=  19k t= 207ms P77@99   |   3. P1 v20 d= 6 n=  98k t= 207ms X65<>98 
  4. P2 v20 d= 3 n=  10k t=  19ms R1-      |   4. P2 v21 d= 2 n=   1k t=  21ms R1-     
  5. P1 v21 d= 0 n=    0 t=   0ms P37@99   |   5. P1 v20 d= 4 n=  97k t= 207ms X98<>75 
                                           |   6. P2 v21 d= 0 n=    0 t=   0ms P91@0   

Final board — Game 1 (v21 starts):
     0    1    2    3    4    5    6    7    8    9
0  .    .    .    .    .    .    .    .    1XS  .   
1  .    .    .    .    .    .    .    .    .    .   
2  .    .    .    .    .    1HS  .    1PS  2PS  .   
3  .    .    .    .    .    1SN  .    .    .    .   
4  .    .    .    .    .    1AS  .    .    .    .   
5  .    .    .    .    2AN  .    .    .    .    .   
6  .    .    .    .    2SS  .    .    1PS  .    .   
7  .    .    .    .    .    .    .    .    .    .   
8  .    .    .    .    .    .    .    .    .    .   
9  .    2XN  .    .    .    .    .    .    .    .   
turn=2 ply=5 win=1

Final board — Game 2 (v20 starts):
     0    1    2    3    4    5    6    7    8    9
0  .    2PN  .    .    .    .    .    .    .    .   
1  .    .    .    .    .    .    .    .    .    .   
2  .    .    .    .    .    1SN  .    .    2PS  .   
3  .    .    .    .    .    1XS  .    .    .    .   
4  .    .    .    .    .    1AS  .    .    .    .   
5  .    .    .    .    2AN  .    .    .    .    .   
6  .    .    .    .    2SS  .    .    .    .    .   
7  .    .    .    .    2HS  .    .    .    .    .   
8  .    .    .    .    .    .    .    .    .    .   
9  .    2XN  .    .    .    .    .    .    .    .   
turn=1 ply=6 win=2

=======================================================================================
=== Pair #20 | seed=1047 | v21 dominates v20 | game1=v21 wins game2=v21 wins ===
=======================================================================================

Initial board (shared by both games):
     0    1    2    3    4    5    6    7    8    9
0  .    .    1XE  .    .    .    .    .    .    .   
1  .    .    .    .    .    .    .    .    .    .   
2  .    .    .    1HS  .    .    .    1AS  .    .   
3  .    .    .    .    .    .    1SN  .    .    .   
4  .    .    .    1AS  .    .    .    .    .    .   
5  .    .    .    .    .    .    2AN  .    .    .   
6  .    .    .    2SS  .    .    .    .    .    .   
7  .    .    2AN  .    .    .    2HS  .    .    .   
8  .    .    .    .    .    .    .    .    .    .   
9  .    .    .    .    .    .    .    2XW  .    .   
turn=1 ply=0 win=0

Game 1: v21 starts — v21 wins (3 plies)    | Game 2: v20 starts — v21 wins (6 plies)   
-------------------------------------------+-------------------------------------------
  1. P1 v21 d= 3 n=  14k t= 207ms P95@9    |   1. P1 v20 d= 4 n=  82k t= 207ms P96@9   
  2. P2 v20 d= 4 n=  75k t= 207ms P56@9    |   2. P2 v21 d= 4 n=  10k t= 207ms P56@99  
  3. P1 v21 d= 0 n=    0 t=   0ms P55@9    |   3. P1 v20 d= 4 n=  72k t= 207ms P43@90  
                                           |   4. P2 v21 d= 3 n=  11k t= 207ms R7+     
                                           |   5. P1 v20 d= 4 n=  71k t= 207ms P68@99  
                                           |   6. P2 v21 d= 0 n=    0 t=   0ms P77@90  

Final board — Game 1 (v21 starts):
     0    1    2    3    4    5    6    7    8    9
0  .    .    1XE  .    .    1PE  .    .    .    .   
1  .    .    .    .    .    .    .    .    .    .   
2  .    .    .    1HS  .    .    .    1AS  .    .   
3  .    .    .    .    .    .    1SN  .    .    .   
4  .    .    .    1AS  .    1PE  2PE  .    .    .   
5  .    .    .    .    .    .    .    .    .    .   
6  .    .    .    2SS  .    .    .    .    .    .   
7  .    .    2AN  .    .    .    .    .    .    .   
8  .    .    .    .    .    .    .    .    .    .   
9  .    .    .    .    .    .    .    2XW  .    .   
turn=2 ply=3 win=1

Final board — Game 2 (v20 starts):
     0    1    2    3    4    5    6    7    8    9
0  .    .    1XE  .    .    .    1PE  .    .    .   
1  .    .    .    .    .    .    .    .    .    .   
2  .    .    .    .    .    .    .    2PW  .    .   
3  .    .    .    .    .    .    1SN  .    1PS  .   
4  .    .    .    1AS  .    .    2PS  .    .    .   
5  .    .    .    1PW  .    .    2AN  .    .    .   
6  .    .    .    2SS  .    .    .    .    .    .   
7  .    .    2AN  .    .    .    2HS  .    .    .   
8  .    .    .    .    .    .    .    .    .    .   
9  .    .    .    .    .    .    .    2XN  .    .   
turn=1 ply=6 win=2

=======================================================================================
=== Pair #21 | seed=1048 | v21 dominates v20 | game1=v21 wins game2=v21 wins ===
=======================================================================================

Initial board (shared by both games):
     0    1    2    3    4    5    6    7    8    9
0  .    .    .    .    .    .    .    1XW  .    .   
1  .    .    .    .    .    .    .    .    .    .   
2  .    .    1AS  1HS  .    .    .    .    .    .   
3  .    .    .    1SN  .    .    .    .    .    .   
4  .    .    .    1AS  .    .    .    .    .    .   
5  .    .    .    .    .    .    2AN  .    .    .   
6  .    .    .    .    .    .    2SS  .    .    .   
7  .    .    .    .    .    .    2HS  2AN  .    .   
8  .    .    .    .    .    .    .    .    .    .   
9  .    .    2XE  .    .    .    .    .    .    .   
turn=1 ply=0 win=0

Game 1: v21 starts — v21 wins (7 plies)    | Game 2: v20 starts — v21 wins (8 plies)   
-------------------------------------------+-------------------------------------------
  1. P1 v21 d= 3 n=  12k t= 207ms R97-     |   1. P1 v20 d= 4 n=  55k t= 207ms R97-    
  2. P2 v20 d= 4 n=  65k t= 207ms P77@99   |   2. P2 v21 d= 5 n=  12k t= 207ms P77@99  
  3. P1 v21 d= 6 n=  13k t= 207ms P76@99   |   3. P1 v20 d= 6 n=  73k t= 207ms X63<>97 
  4. P2 v20 d= 4 n=  31k t= 207ms R2+      |   4. P2 v21 d= 3 n=  17k t= 207ms R2-     
  5. P1 v21 d= 3 n=  14k t= 207ms P25@9    |   5. P1 v20 d= 4 n=  76k t= 207ms P22@0   
  6. P2 v20 d= 5 n=  68k t= 207ms M77-67   |   6. P2 v21 d= 5 n=  19k t= 207ms P24@0   
  7. P1 v21 d= 0 n=    0 t=   0ms P65@99   |   7. P1 v20 d= 4 n=  51k t= 207ms P87@0   
                                           |   8. P2 v21 d= 0 n=    0 t=   0ms P74@90  

Final board — Game 1 (v21 starts):
     0    1    2    3    4    5    6    7    8    9
0  .    .    .    .    .    .    .    1XS  .    .   
1  .    .    .    .    .    .    .    .    .    .   
2  .    .    1AS  1HS  .    .    1PS  .    .    .   
3  .    .    .    1SN  .    1PS  .    2PS  .    .   
4  .    .    .    1AS  .    .    .    .    .    .   
5  .    .    .    .    .    .    .    .    .    .   
6  .    .    .    .    .    .    2SS  .    .    .   
7  .    .    .    .    .    1PE  .    .    .    .   
8  .    .    .    .    .    .    .    .    .    .   
9  .    .    2XS  .    .    .    .    .    .    .   
turn=2 ply=7 win=1

Final board — Game 2 (v20 starts):
     0    1    2    3    4    5    6    7    8    9
0  .    .    .    .    .    .    .    1SN  .    .   
1  .    .    .    .    .    .    .    1PN  .    .   
2  .    .    .    .    2PW  .    .    2PS  .    .   
3  .    .    .    1XS  .    .    .    .    .    .   
4  .    .    .    1AS  .    .    .    .    .    .   
5  .    .    .    .    .    .    2AN  .    .    .   
6  .    .    .    .    .    .    2SS  .    .    .   
7  .    .    1PN  .    2PN  .    2HS  .    .    .   
8  .    .    .    .    .    .    .    .    .    .   
9  .    .    2XN  .    .    .    .    .    .    .   
turn=1 ply=8 win=2

=======================================================================================
=== Pair #22 | seed=1049 | v21 dominates v20 | game1=v21 wins game2=v21 wins ===
=======================================================================================

Initial board (shared by both games):
     0    1    2    3    4    5    6    7    8    9
0  .    .    .    .    .    .    1XW  .    .    .   
1  .    .    .    .    .    .    .    .    .    .   
2  .    1HS  .    1AS  .    .    .    .    .    .   
3  1SN  .    .    .    .    .    .    .    .    .   
4  .    1AS  .    .    .    .    .    .    .    .   
5  .    .    .    .    .    .    .    .    2AN  .   
6  .    .    .    .    .    .    .    .    .    2SS 
7  .    .    .    .    .    .    2AN  .    2HS  .   
8  .    .    .    .    .    .    .    .    .    .   
9  .    .    .    2XE  .    .    .    .    .    .   
turn=1 ply=0 win=0

Game 1: v21 starts — v21 wins (5 plies)    | Game 2: v20 starts — v21 wins (6 plies)   
-------------------------------------------+-------------------------------------------
  1. P1 v21 d= 3 n=  13k t= 207ms R96-     |   1. P1 v20 d= 4 n=  53k t= 207ms R96-    
  2. P2 v20 d= 4 n=  51k t= 207ms P76@99   |   2. P2 v21 d= 5 n=  10k t= 207ms P26@99  
  3. P1 v21 d= 4 n=   2k t=  24ms X60<>96  |   3. P1 v20 d= 4 n=  44k t= 207ms P50@9   
  4. P2 v20 d= 3 n=  51k t= 210ms P0@9     |   4. P2 v21 d= 3 n=  11k t= 213ms R3-     
  5. P1 v21 d= 0 n=    0 t=   2ms P20@9    |   5. P1 v20 d= 3 n=  76k t= 207ms P52@99  
                                           |   6. P2 v21 d= 0 n=    0 t=   0ms P73@90  

Final board — Game 1 (v21 starts):
     0    1    2    3    4    5    6    7    8    9
0  .    .    .    .    .    .    1SN  .    .    .   
1  .    .    .    .    .    .    .    .    .    .   
2  .    1HS  .    1AS  .    .    2PS  .    .    .   
3  1XS  .    .    .    .    .    .    .    .    .   
4  .    1AS  .    .    .    .    .    .    .    .   
5  .    .    .    .    .    .    .    .    2AN  .   
6  .    .    .    .    .    .    .    .    .    2SS 
7  1PE  .    .    .    .    .    .    .    .    .   
8  .    .    .    .    .    .    .    .    .    .   
9  2PE  .    .    2XE  .    .    .    .    .    .   
turn=2 ply=5 win=1

Final board — Game 2 (v20 starts):
     0    1    2    3    4    5    6    7    8    9
0  .    .    .    .    .    .    1XS  .    .    .   
1  .    .    .    .    .    .    .    .    .    .   
2  .    .    .    2PW  .    .    .    .    .    .   
3  1SN  .    .    .    .    .    .    .    .    .   
4  1PE  1AS  1PS  .    .    .    .    .    .    .   
5  .    .    .    .    .    .    .    .    2AN  .   
6  .    .    .    .    .    .    .    .    .    2SS 
7  .    .    .    .    .    .    2PS  .    2HS  .   
8  .    .    .    .    .    .    .    .    .    .   
9  .    .    .    2XN  .    .    .    .    .    .   
turn=1 ply=6 win=2

