=======================================================================================
=== Pair #1 | seed=24 | v19 dominates v20 | game1=v19 wins game2=v19 wins ===
=======================================================================================

Initial board (shared by both games):
     0    1    2    3    4    5    6    7    8    9
0  .    .    .    .    1XE  .    .    .    .    .   
1  .    .    .    .    .    .    .    .    .    .   
2  .    .    .    .    .    1AS  1HS  .    .    .   
3  .    1SE  .    .    .    .    .    .    .    .   
4  .    .    .    .    .    .    1AS  .    .    .   
5  .    .    .    2AN  .    .    .    .    .    .   
6  .    .    .    .    .    .    .    .    2SW  .   
7  .    .    .    2HS  2AN  .    .    .    .    .   
8  .    .    .    .    .    .    .    .    .    .   
9  .    .    .    .    .    2XW  .    .    .    .   
turn=1 ply=0 win=0

Game 1: v19 starts — v19 wins (3 plies)    | Game 2: v20 starts — v19 wins (8 plies)   
-------------------------------------------+-------------------------------------------
  1. P1 v19 d= 4 n=  50k t= 207ms R94+     |   1. P1 v20 d= 3 n=  23k t= 208ms M61-71  
  2. P2 v20 d= 3 n=  88k t= 207ms P34@9    |   2. P2 v19 d= 3 n=  22k t= 255ms R5+     
  3. P1 v19 d= 0 n=    0 t=   0ms P28@99   |   3. P1 v20 d= 3 n=  36k t= 207ms P25@90  
                                           |   4. P2 v19 d= 6 n=  60k t= 207ms X38<>5  
                                           |   5. P1 v20 d= 5 n=  66k t= 207ms P58@90  
                                           |   6. P2 v19 d= 3 n=  11k t=  26ms P36@90  
                                           |   7. P1 v20 d= 5 n=  79k t= 207ms P46@0   
                                           |   8. P2 v19 d= 0 n=    0 t=   0ms P56@90  

Final board — Game 1 (v19 starts):
     0    1    2    3    4    5    6    7    8    9
0  .    .    .    .    1XS  .    .    .    .    .   
1  .    .    .    .    .    .    .    .    .    .   
2  .    .    .    .    .    1AS  1HS  .    .    .   
3  .    1SE  .    .    .    .    .    .    .    .   
4  .    .    .    .    .    .    1AS  .    .    .   
5  .    .    .    2AN  .    .    .    .    .    .   
6  .    .    .    .    2PE  .    .    .    2SW  .   
7  .    .    .    .    .    .    .    .    1PS  .   
8  .    .    .    .    .    .    .    .    .    .   
9  .    .    .    .    .    2XW  .    .    .    .   
turn=2 ply=3 win=1

Final board — Game 2 (v20 starts):
     0    1    2    3    4    5    6    7    8    9
0  .    .    .    .    1XE  .    .    .    .    .   
1  .    .    .    .    .    .    .    .    .    .   
2  .    1SE  .    .    .    .    .    .    .    .   
3  .    .    .    .    .    .    .    .    .    .   
4  .    .    .    .    .    .    2PW  .    1PW  .   
5  .    .    .    2AN  .    .    1PN  .    .    .   
6  .    .    .    .    .    .    2PW  .    2XN  .   
7  .    .    .    2HS  2AN  1PW  .    .    .    .   
8  .    .    .    .    .    .    .    .    .    .   
9  .    .    .    .    .    2SW  .    .    .    .   
turn=1 ply=8 win=2

=======================================================================================
=== Pair #2 | seed=27 | v19 dominates v20 | game1=v19 wins game2=v19 wins ===
=======================================================================================

Initial board (shared by both games):
     0    1    2    3    4    5    6    7    8    9
0  .    .    1XE  .    .    .    .    .    .    .   
1  .    .    .    .    .    .    .    .    .    .   
2  .    1HS  .    .    .    .    .    1AS  .    .   
3  .    1SN  .    .    .    .    .    .    .    .   
4  .    1AS  .    .    .    .    .    .    .    .   
5  .    .    .    .    .    .    .    .    2AN  .   
6  .    .    .    .    .    .    .    .    2SS  .   
7  .    .    2AN  .    .    .    .    .    2HS  .   
8  .    .    .    .    .    .    .    .    .    .   
9  .    .    .    .    .    .    .    2XW  .    .   
turn=1 ply=0 win=0

Game 1: v19 starts — v19 wins (100 plies)  | Game 2: v20 starts — v19 wins (100 plies) 
-------------------------------------------+-------------------------------------------
  1. P1 v19 d= 4 n=  72k t= 207ms R92-     |   1. P1 v20 d= 4 n= 106k t= 207ms R92-    
  2. P2 v20 d= 4 n=  71k t= 207ms R7-      |   2. P2 v19 d= 4 n=  95k t= 207ms R7-     
  3. P1 v19 d= 4 n= 112k t= 207ms P90@0    |   3. P1 v20 d= 4 n= 133k t= 207ms P90@0   
  4. P2 v20 d= 4 n=  82k t= 207ms P94@0    |   4. P2 v19 d= 4 n= 118k t= 207ms P94@0   
  5. P1 v19 d= 4 n=  93k t= 207ms P95@0    |   5. P1 v20 d= 4 n= 118k t= 207ms M90-91  
  6. P2 v20 d= 4 n=  71k t= 207ms M94-84   |   6. P2 v19 d= 4 n= 108k t= 207ms P90@0   
  7. P1 v19 d= 4 n=  96k t= 207ms P94@0    |   7. P1 v20 d= 4 n= 125k t= 207ms M91-81  
  8. P2 v20 d= 4 n= 100k t= 207ms M84-85   |   8. P2 v19 d= 4 n=  95k t= 207ms P95@0   
  9. P1 v19 d= 4 n= 109k t= 207ms M90-91   |   9. P1 v20 d= 4 n= 113k t= 207ms M81-91  
 10. P2 v20 d= 4 n=  87k t= 207ms P90@0    |  10. P2 v19 d= 4 n= 114k t= 207ms P96@0   
 11. P1 v19 d= 4 n= 107k t= 207ms P96@0    |  11. P1 v20 d= 4 n= 122k t= 207ms M91-81  
 12. P2 v20 d= 4 n=  97k t= 207ms M90-80   |  12. P2 v19 d= 4 n= 101k t= 207ms P97@0   
 13. P1 v19 d= 4 n= 101k t= 207ms P90@0    |  13. P1 v20 d= 4 n= 119k t= 207ms M81-91  
 14. P2 v20 d= 4 n=  91k t= 207ms M80-81   |  14. P2 v19 d= 4 n= 108k t= 207ms P98@0   
 15. P1 v19 d= 4 n=  90k t= 207ms P97@0    |  15. P1 v20 d= 4 n= 127k t= 207ms M91-81  
 16. P2 v20 d= 4 n=  80k t= 207ms M81-82   |  16. P2 v19 d= 4 n= 116k t= 207ms P99@0   
 17. P1 v19 d= 4 n= 113k t= 207ms P98@0    |  17. P1 v20 d= 4 n= 174k t= 207ms M81-91  
 18. P2 v20 d= 4 n= 165k t= 207ms M82-83   |  18. P2 v19 d= 6 n= 100k t= 207ms M90-80  
 19. P1 v19 d= 5 n= 100k t= 207ms M90-80   |  19. P1 v20 d= 4 n= 186k t= 207ms R61+    
 20. P2 v20 d= 4 n= 190k t= 207ms M83-93   |  20. P2 v19 d= 5 n= 102k t= 207ms M94-93  
 21. P1 v19 d= 5 n=  97k t= 207ms M80-90   |  21. P1 v20 d= 4 n= 159k t= 207ms M91-81  
 22. P2 v20 d= 4 n= 188k t= 207ms M93-83   |  22. P2 v19 d= 5 n= 101k t= 207ms M95-85  
 23. P1 v19 d= 6 n= 113k t= 207ms M90-80   |  23. P1 v20 d= 4 n= 178k t= 207ms M81-91  
 24. P2 v20 d= 4 n= 192k t= 207ms R38+     |  24. P2 v19 d= 5 n= 106k t= 207ms M93-83  
 25. P1 v19 d= 6 n= 129k t= 207ms M94-93   |  25. P1 v20 d= 4 n= 192k t= 207ms M91-81  
 26. P2 v20 d= 4 n= 170k t= 207ms M83-84   |  26. P2 v19 d= 5 n= 107k t= 207ms M96-86  
 27. P1 v19 d= 6 n= 129k t= 207ms R96+     |  27. P1 v20 d= 4 n= 199k t= 207ms R61+    
 28. P2 v20 d= 4 n= 207k t= 207ms P90@0    |  28. P2 v19 d= 5 n= 103k t= 207ms M97-87  
 29. P1 v19 d= 6 n= 128k t= 207ms M91-81   |  29. P1 v20 d= 4 n= 183k t= 207ms M81-91  
 30. P2 v20 d= 4 n= 195k t= 207ms M84-94   |  30. P2 v19 d= 5 n= 108k t= 207ms M98-88  
 31. P1 v19 d= 6 n= 135k t= 207ms R61+     |  31. P1 v20 d= 4 n= 191k t= 207ms R61+    
 32. P2 v20 d= 4 n= 195k t= 207ms M94-84   |  32. P2 v19 d= 5 n= 109k t= 207ms M99-89  
 33. P1 v19 d= 6 n= 119k t= 207ms M93-83   |  33. P1 v20 d= 4 n= 185k t= 207ms M91-81  
 34. P2 v20 d= 4 n= 184k t= 207ms M90-91   |  34. P2 v19 d= 5 n= 111k t= 207ms M80-90  
 35. P1 v19 d= 5 n=  95k t= 207ms R95+     |  35. P1 v20 d= 4 n= 202k t= 207ms M81-91  
 36. P2 v20 d= 4 n= 160k t= 207ms R38+     |  36. P2 v19 d= 5 n= 103k t= 207ms M83-73  
 37. P1 v19 d= 5 n=  98k t= 207ms M95-94   |  37. P1 v20 d= 4 n= 192k t= 207ms M91-81  
 38. P2 v20 d= 4 n= 219k t= 207ms R38+     |  38. P2 v19 d= 5 n= 106k t= 207ms M85-95  
 39. P1 v19 d= 5 n= 112k t= 207ms M94-95   |  39. P1 v20 d= 4 n= 185k t= 207ms M81-91  
 40. P2 v20 d= 4 n= 216k t= 207ms M84-74   |  40. P2 v19 d= 5 n= 103k t= 207ms M90-80  
 41. P1 v19 d= 6 n= 132k t= 207ms M83-93   |  41. P1 v20 d= 4 n= 198k t= 207ms R61+    
 42. P2 v20 d= 4 n= 207k t= 207ms M85-86   |  42. P2 v19 d= 5 n= 113k t= 207ms M95-96  
 43. P1 v19 d= 6 n= 132k t= 207ms M95-94   |  43. P1 v20 d= 4 n= 190k t= 207ms M91-81  
 44. P2 v20 d= 4 n= 197k t= 207ms M91-90   |  44. P2 v19 d= 5 n= 109k t= 207ms M96-97  
 45. P1 v19 d= 6 n= 143k t= 207ms R98+     |  45. P1 v20 d= 4 n= 182k t= 207ms M81-91  
 46. P2 v20 d= 4 n= 219k t= 207ms M90-91   |  46. P2 v19 d= 5 n= 108k t= 207ms M80-70  
 47. P1 v19 d= 6 n= 140k t= 207ms M93-83   |  47. P1 v20 d= 4 n= 176k t= 207ms M91-90  
 48. P2 v20 d= 4 n= 243k t= 207ms M91-90   |  48. P2 v19 d= 5 n=  99k t= 207ms M86-76  
 49. P1 v19 d= 6 n= 126k t= 207ms R97+     |  49. P1 v20 d= 4 n= 179k t= 207ms M90-91  
 50. P2 v20 d= 4 n= 242k t= 207ms M90-91   |  50. P2 v19 d= 5 n= 108k t= 207ms M97-98  
 51. P1 v19 d= 6 n= 116k t= 207ms R96-     |  51. P1 v20 d= 4 n= 195k t= 207ms M91-81  
 52. P2 v20 d= 4 n= 229k t= 207ms R38+     |  52. P2 v19 d= 5 n= 103k t= 207ms M89-79  
 53. P1 v19 d= 6 n= 122k t= 207ms M80-90   |  53. P1 v20 d= 4 n= 179k t= 207ms M81-91  
 54. P2 v20 d= 4 n= 216k t= 207ms M86-87   |  54. P2 v19 d= 5 n= 111k t= 207ms M98-99  
 55. P1 v19 d= 6 n= 118k t= 207ms R90+     |  55. P1 v20 d= 4 n= 192k t= 207ms M91-81  
 56. P2 v20 d= 4 n= 219k t= 207ms P95@0    |  56. P2 v19 d= 5 n= 104k t= 207ms M88-78  
 57. P1 v19 d= 6 n= 124k t= 207ms M90-80   |  57. P1 v20 d= 4 n= 192k t= 207ms M81-91  
 58. P2 v20 d= 4 n= 230k t= 207ms M95-85   |  58. P2 v19 d= 5 n= 111k t= 207ms M99-89  
 59. P1 v19 d= 6 n= 113k t= 207ms R94+     |  59. P1 v20 d= 4 n= 202k t= 207ms M91-81  
 60. P2 v20 d= 4 n= 201k t= 207ms M85-86   |  60. P2 v19 d= 5 n=  99k t= 207ms M73-63  
 61. P1 v19 d= 6 n= 129k t= 207ms M94-95   |  61. P1 v20 d= 4 n= 183k t= 207ms M81-91  
 62. P2 v20 d= 4 n= 229k t= 207ms R38+     |  62. P2 v19 d= 5 n= 106k t= 207ms M87-97  
 63. P1 v19 d= 6 n= 134k t= 207ms M80-90   |  63. P1 v20 d= 4 n= 170k t= 207ms R61+    
 64. P2 v20 d= 4 n= 215k t= 207ms M86-76   |  64. P2 v19 d= 5 n= 104k t= 207ms M78-68  
 65. P1 v19 d= 6 n= 121k t= 207ms R96+     |  65. P1 v20 d= 4 n= 188k t= 207ms M91-81  
 66. P2 v20 d= 4 n= 206k t= 207ms M87-86   |  66. P2 v19 d= 5 n= 111k t= 207ms M97-98  
 67. P1 v19 d= 6 n= 134k t= 207ms R61+     |  67. P1 v20 d= 4 n= 186k t= 207ms M81-91  
 68. P2 v20 d= 4 n= 226k t= 207ms R38+     |  68. P2 v19 d= 5 n= 106k t= 207ms M98-99  
 69. P1 v19 d= 6 n= 125k t= 207ms M97-87   |  69. P1 v20 d= 4 n= 184k t= 207ms M91-81  
 70. P2 v20 d= 4 n= 230k t= 207ms R38+     |  70. P2 v19 d= 5 n= 108k t= 207ms M99-98  
 71. P1 v19 d= 6 n= 129k t= 207ms M83-84   |  71. P1 v20 d= 4 n= 188k t= 207ms R61+    
 72. P2 v20 d= 4 n= 217k t= 207ms M86-85   |  72. P2 v19 d= 5 n= 106k t= 207ms M76-66  
 73. P1 v19 d= 6 n= 128k t= 207ms R95-     |  73. P1 v20 d= 4 n= 189k t= 207ms M81-91  
 74. P2 v20 d= 4 n= 209k t= 207ms M85-75   |  74. P2 v19 d= 5 n= 111k t= 207ms M98-99  
 75. P1 v19 d= 6 n= 122k t= 207ms M90-80   |  75. P1 v20 d= 4 n= 187k t= 207ms R61+    
 76. P2 v20 d= 4 n= 209k t= 207ms M74-64   |  76. P2 v19 d= 5 n= 113k t= 207ms M99-98  
 77. P1 v19 d= 5 n= 108k t= 207ms M95-85   |  77. P1 v20 d= 4 n= 192k t= 207ms M91-81  
 78. P2 v20 d= 4 n= 211k t= 207ms M91-90   |  78. P2 v19 d= 5 n= 110k t= 207ms M98-99  
 79. P1 v19 d= 5 n= 115k t= 207ms M96-97   |  79. P1 v20 d= 4 n= 203k t= 207ms M81-91  
 80. P2 v20 d= 4 n= 244k t= 207ms M90-91   |  80. P2 v19 d= 5 n= 107k t= 207ms M70-80  
 81. P1 v19 d= 6 n= 113k t= 207ms M84-94   |  81. P1 v20 d= 4 n= 197k t= 207ms R61+    
 82. P2 v20 d= 4 n= 197k t= 207ms M75-65   |  82. P2 v19 d= 5 n= 108k t= 207ms M80-90  
 83. P1 v19 d= 6 n= 136k t= 207ms M94-93   |  83. P1 v20 d= 4 n= 180k t= 207ms M91-81  
 84. P2 v20 d= 4 n= 229k t= 207ms M64-54   |  84. P2 v19 d= 5 n= 103k t= 207ms M99-98  
 85. P1 v19 d= 6 n= 123k t= 207ms R61-     |  85. P1 v20 d= 4 n= 190k t= 207ms M81-91  
 86. P2 v20 d= 4 n= 211k t= 207ms M91-90   |  86. P2 v19 d= 5 n= 109k t= 207ms M98-99  
 87. P1 v19 d= 5 n=  99k t= 207ms R93+     |  87. P1 v20 d= 4 n= 189k t= 207ms M91-81  
 88. P2 v20 d= 4 n= 170k t= 207ms P94@0    |  88. P2 v19 d= 5 n= 110k t= 207ms M99-98  
 89. P1 v19 d= 5 n= 112k t= 207ms M93-83   |  89. P1 v20 d= 4 n= 174k t= 207ms M81-91  
 90. P2 v20 d= 4 n= 215k t= 207ms M90-91   |  90. P2 v19 d= 5 n= 110k t= 207ms M98-99  
 91. P1 v19 d= 6 n= 131k t= 207ms M85-95   |  91. P1 v20 d= 4 n= 196k t= 207ms M91-81  
 92. P2 v20 d= 4 n= 222k t= 207ms M91-90   |  92. P2 v19 d= 5 n= 112k t= 207ms M99-98  
 93. P1 v19 d= 6 n= 115k t= 207ms R97-     |  93. P1 v20 d= 4 n= 189k t= 207ms M81-82  
 94. P2 v20 d= 4 n= 182k t= 207ms M90-91   |  94. P2 v19 d= 5 n= 107k t= 207ms M90-91  
 95. P1 v19 d= 6 n=  92k t= 193ms R97+     |  95. P1 v20 d= 4 n= 183k t= 207ms R61+    
 96. P2 v20 d= 4 n= 224k t= 207ms P90@0    |  96. P2 v19 d= 5 n=  30k t=  33ms M98-99  
 97. P1 v19 d= 4 n=   7k t=  14ms R92-     |  97. P1 v20 d=10 n= 140k t= 207ms X61<>92 
 98. P2 v20 d=13 n=  92k t=  58ms P72@9    |  98. P2 v19 d= 2 n=  102 t=   0ms X38<>7  
 99. P1 v19 d= 2 n=  161 t=   0ms M83-93   |  99. P1 v20 d=13 n=   4k t=   1ms R61+    
100. P2 v20 d=13 n=  572 t=   0ms M94-84   | 100. P2 v19 d= 0 n=    0 t=   0ms R38+    

Final board — Game 1 (v19 starts):
     0    1    2    3    4    5    6    7    8    9
0  .    .    1XW  1PE  .    1PE  .    1PE  1PE  .   
1  1PE  1PN  .    .    2PN  .    .    1PE  .    .   
2  .    1HS  2PE  .    .    .    2PN  1AS  .    .   
3  .    1SE  .    .    .    2PN  .    .    .    .   
4  .    1AS  .    .    2PN  .    .    .    .    .   
5  .    .    .    .    .    .    .    .    2AN  .   
6  .    .    .    .    .    .    .    .    2SE  .   
7  .    .    2AN  .    .    .    .    .    2HS  .   
8  .    .    .    .    .    .    .    .    .    .   
9  .    .    .    .    .    .    .    2XS  .    .   
turn=1 ply=100 win=1

Final board — Game 2 (v20 starts):
     0    1    2    3    4    5    6    7    8    9
0  .    2PN  1SE  .    .    .    .    .    .    2PN 
1  .    .    1PN  .    .    .    .    .    .    2PN 
2  .    1HS  .    .    .    .    .    1AS  .    2PN 
3  .    1XE  .    2PN  .    .    2PN  .    2PN  .   
4  .    1AS  .    .    .    .    .    .    .    .   
5  .    .    .    .    .    .    .    .    2AN  .   
6  .    .    .    .    .    .    .    .    2XW  .   
7  .    .    2AN  .    .    .    .    .    2HS  .   
8  .    .    .    .    .    .    .    .    .    .   
9  .    .    .    .    .    .    .    2SS  .    .   
turn=1 ply=100 win=2

=======================================================================================
=== Pair #3 | seed=39 | v19 dominates v20 | game1=v19 wins game2=v19 wins ===
=======================================================================================

Initial board (shared by both games):
     0    1    2    3    4    5    6    7    8    9
0  .    .    .    .    1XE  .    .    .    .    .   
1  .    .    .    .    .    .    .    .    .    .   
2  .    .    .    .    .    1AS  .    .    1HS  .   
3  .    .    .    1SN  .    .    .    .    .    .   
4  .    .    .    .    .    .    .    .    1AS  .   
5  .    2AN  .    .    .    .    .    .    .    .   
6  .    .    .    .    .    .    2SS  .    .    .   
7  .    2HS  .    .    2AN  .    .    .    .    .   
8  .    .    .    .    .    .    .    .    .    .   
9  .    .    .    .    .    2XW  .    .    .    .   
turn=1 ply=0 win=0

Game 1: v19 starts — v19 wins (17 plies)   | Game 2: v20 starts — v19 wins (12 plies)  
-------------------------------------------+-------------------------------------------
  1. P1 v19 d= 4 n= 129k t= 207ms R94+     |   1. P1 v20 d= 4 n= 128k t= 207ms R94+    
  2. P2 v20 d= 4 n= 135k t= 207ms P74@9    |   2. P2 v19 d= 4 n= 126k t= 207ms P74@9   
  3. P1 v19 d= 5 n=   8k t=  12ms X63<>94  |   3. P1 v20 d= 5 n=   8k t=  12ms X63<>94 
  4. P2 v20 d= 5 n= 101k t= 207ms P33@9    |   4. P2 v19 d= 4 n=  96k t= 207ms P33@9   
  5. P1 v19 d= 3 n=  12k t=  16ms P61@99   |   5. P1 v20 d= 3 n=  12k t=  16ms P61@99  
  6. P2 v20 d= 6 n=  87k t= 207ms P51@9    |   6. P2 v19 d= 6 n=  85k t= 207ms P51@9   
  7. P1 v19 d= 3 n=  13k t=  19ms P56@90   |   7. P1 v20 d= 3 n=   9k t=  17ms P56@90  
  8. P2 v20 d= 7 n=  93k t= 207ms P51@9    |   8. P2 v19 d= 7 n=  88k t= 207ms P51@9   
  9. P1 v19 d= 3 n=   9k t=  16ms P90@0    |   9. P1 v20 d= 3 n=   9k t=  14ms X94<>78 
 10. P2 v20 d= 7 n=  93k t= 207ms P51@9    |  10. P2 v19 d= 7 n= 106k t= 207ms P51@9   
 11. P1 v19 d= 3 n=   9k t=  16ms P91@0    |  11. P1 v20 d= 3 n=   9k t=  14ms P90@0   
 12. P2 v20 d= 7 n=  99k t= 207ms P51@9    |  12. P2 v19 d= 0 n=    0 t=   0ms P0@90   
 13. P1 v19 d= 3 n=   9k t=  16ms P92@0    |                                           
 14. P2 v20 d= 7 n= 158k t= 207ms P51@9    |                                           
 15. P1 v19 d= 3 n=   9k t=  13ms P93@0    |                                           
 16. P2 v20 d= 8 n= 183k t= 207ms X36<>5   |                                           
 17. P1 v19 d= 0 n=    0 t=   0ms R63+     |                                           

Final board — Game 1 (v19 starts):
     0    1    2    3    4    5    6    7    8    9
0  1PN  1PN  1PN  1PN  1SN  .    .    .    .    .   
1  .    .    .    .    .    .    .    .    .    .   
2  .    .    .    .    2PE  1AS  .    .    1HS  .   
3  .    1PS  .    1XW  .    .    .    .    .    .   
4  .    .    .    .    .    .    1PW  .    1AS  .   
5  .    .    .    .    .    .    .    .    .    .   
6  .    .    .    2PE  .    .    2XW  .    .    .   
7  .    .    .    .    .    .    .    .    .    .   
8  .    .    .    .    .    .    .    .    .    .   
9  .    .    .    .    .    2SS  .    .    .    .   
turn=2 ply=17 win=1

Final board — Game 2 (v20 starts):
     0    1    2    3    4    5    6    7    8    9
0  1PN  .    .    .    .    .    .    .    .    .   
1  .    .    .    .    .    .    .    .    .    .   
2  .    .    .    .    2PE  1AS  .    .    1SN  .   
3  .    1PS  .    1XS  .    .    .    .    .    .   
4  .    .    .    .    .    .    1PW  .    1AS  .   
5  .    2AN  .    .    .    .    .    .    .    .   
6  .    .    .    2PE  .    .    2SS  .    .    .   
7  .    2HS  .    .    .    .    .    .    .    .   
8  .    .    .    .    .    .    .    .    .    .   
9  2PW  .    .    .    .    2XW  .    .    .    .   
turn=1 ply=12 win=2

