
######## Game 1 ########
=== Game seed=0 v13 vs v16 ===
-- init --
      c0   c1   c2   c3   c4   c5   c6   c7   c8   c9 
r0:   ....   ....   ....   ....   ....   ....  Sp1270  ....   ....   ....  
r1:   ....   ....   ....   ....   ....   ....   ....   ....   ....   ....  
r2:   ....   ....   ....  An1180  ....  Ph1180  ....   ....   ....   ....  
r3:  Sc1180  ....   ....   ....   ....   ....   ....   ....   ....   ....  
r4:   ....   ....   ....   ....   ....  An1180  ....   ....   ....   ....  
r5:   ....   ....   ....   ....  An2000  ....   ....   ....   ....   ....  
r6:   ....   ....   ....   ....   ....   ....   ....   ....   ....  Sc2000 
r7:   ....   ....   ....   ....  Ph2180  ....  An2000  ....   ....   ....  
r8:   ....   ....   ....   ....   ....   ....   ....   ....   ....   ....  
r9:   ....   ....   ....  Sp2090  ....   ....   ....   ....   ....   ....  
turn=P1 ply=0 reserves={1:7, 2:7} cd1={'sphinx': 0, 'pharaoh': 0} cd2={'sphinx': 0, 'pharaoh': 0} pq=[] win=None
-- move 1 P1 (v13) played ('p', 0, 4, 180) in 1.4ms depth=0 --
      c0   c1   c2   c3   c4   c5   c6   c7   c8   c9 
r0:   ....   ....   ....   ....  Py1180  ....  Sp1270  ....   ....   ....  
r1:   ....   ....   ....   ....   ....   ....   ....   ....   ....   ....  
r2:   ....   ....   ....  An1180  ....  Ph1180  ....   ....   ....   ....  
r3:  Sc1180  ....   ....   ....   ....   ....   ....   ....   ....   ....  
r4:   ....   ....   ....   ....   ....  An1180  ....   ....   ....   ....  
r5:   ....   ....   ....   ....   ....   ....   ....   ....   ....   ....  
r6:   ....   ....   ....   ....   ....   ....   ....   ....   ....  Sc2000 
r7:   ....   ....   ....   ....   ....   ....  An2000  ....   ....   ....  
r8:   ....   ....   ....   ....   ....   ....   ....   ....   ....   ....  
r9:   ....   ....   ....  Sp2090  ....   ....   ....   ....   ....   ....  
turn=P2 ply=1 reserves={1:6, 2:7} cd1={'sphinx': 0, 'pharaoh': 0} cd2={'sphinx': 0, 'pharaoh': 0} pq=[] win=1

######## Game 2 ########
=== Game seed=1 v13 vs v16 ===
-- init --
      c0   c1   c2   c3   c4   c5   c6   c7   c8   c9 
r0:   ....   ....  Sp1090  ....   ....   ....   ....   ....   ....   ....  
r1:   ....   ....   ....   ....   ....   ....   ....   ....   ....   ....  
r2:   ....   ....   ....   ....   ....   ....  Ph1180 An1180  ....   ....  
r3:   ....  Sc1180  ....   ....   ....   ....   ....   ....   ....   ....  
r4:   ....   ....   ....   ....   ....   ....  An1180  ....   ....   ....  
r5:   ....   ....   ....  An2000  ....   ....   ....   ....   ....   ....  
r6:   ....   ....   ....   ....   ....   ....   ....   ....  Sc2000  ....  
r7:   ....   ....  An2000 Ph2180  ....   ....   ....   ....   ....   ....  
r8:   ....   ....   ....   ....   ....   ....   ....   ....   ....   ....  
r9:   ....   ....   ....   ....   ....   ....   ....  Sp2270  ....   ....  
turn=P1 ply=0 reserves={1:7, 2:7} cd1={'sphinx': 0, 'pharaoh': 0} cd2={'sphinx': 0, 'pharaoh': 0} pq=[] win=None
-- move 1 P1 (v13) played ('p', 6, 4, 180) in 49.0ms depth=3 --
      c0   c1   c2   c3   c4   c5   c6   c7   c8   c9 
r0:   ....   ....  Sp1090  ....   ....   ....   ....   ....   ....   ....  
r1:   ....   ....   ....   ....   ....   ....   ....   ....   ....   ....  
r2:   ....   ....   ....   ....   ....   ....  Ph1180 An1180  ....   ....  
r3:   ....  Sc1180  ....   ....   ....   ....   ....   ....   ....   ....  
r4:   ....   ....   ....   ....   ....   ....  An1180  ....   ....   ....  
r5:   ....   ....   ....  An2000  ....   ....   ....   ....   ....   ....  
r6:   ....   ....   ....   ....  Py1180  ....   ....   ....  Sc2000  ....  
r7:   ....   ....  An2000 Ph2180  ....   ....   ....   ....   ....   ....  
r8:   ....   ....   ....   ....   ....   ....   ....   ....   ....   ....  
r9:   ....   ....   ....   ....   ....   ....   ....  Sp2270  ....   ....  
turn=P2 ply=1 reserves={1:6, 2:7} cd1={'sphinx': 0, 'pharaoh': 0} cd2={'sphinx': 0, 'pharaoh': 0} pq=[] win=None
-- move 2 P2 (v16) played ('p', 2, 2, 90) in 46.0ms depth=2 --
      c0   c1   c2   c3   c4   c5   c6   c7   c8   c9 
r0:   ....   ....  Sp1090  ....   ....   ....   ....   ....   ....   ....  
r1:   ....   ....   ....   ....   ....   ....   ....   ....   ....   ....  
r2:   ....   ....  Py2090  ....   ....   ....  Ph1180 An1180  ....   ....  
r3:   ....  Sc1180  ....   ....   ....   ....   ....   ....   ....   ....  
r4:   ....   ....   ....   ....   ....   ....  An1180  ....   ....   ....  
r5:   ....   ....   ....  An2000  ....   ....   ....   ....   ....   ....  
r6:   ....   ....   ....   ....  Py1180  ....   ....   ....  Sc2000  ....  
r7:   ....   ....  An2000 Ph2180  ....   ....   ....   ....   ....   ....  
r8:   ....   ....   ....   ....   ....   ....   ....   ....   ....   ....  
r9:   ....   ....   ....   ....   ....   ....   ....  Sp2270  ....   ....  
turn=P1 ply=2 reserves={1:6, 2:6} cd1={'sphinx': 0, 'pharaoh': 0} cd2={'sphinx': 0, 'pharaoh': 0} pq=[] win=None
-- move 3 P1 (v13) played ('p', 9, 3, 270) in 6.7ms depth=2 --
      c0   c1   c2   c3   c4   c5   c6   c7   c8   c9 
r0:   ....   ....  Sp1090  ....   ....   ....   ....   ....   ....   ....  
r1:   ....   ....   ....   ....   ....   ....   ....   ....   ....   ....  
r2:   ....   ....  Py2090  ....   ....   ....  Ph1180 An1180  ....   ....  
r3:   ....  Sc1180  ....   ....   ....   ....   ....   ....   ....   ....  
r4:   ....   ....   ....   ....   ....   ....  An1180  ....   ....   ....  
r5:   ....   ....   ....  An2000  ....   ....   ....   ....   ....   ....  
r6:   ....   ....   ....   ....  Py1180  ....   ....   ....  Sc2000  ....  
r7:   ....   ....  An2000 Ph2180  ....   ....   ....   ....   ....   ....  
r8:   ....   ....   ....   ....   ....   ....   ....   ....   ....   ....  
r9:   ....   ....   ....  Py1270  ....   ....   ....  Sp2270  ....   ....  
turn=P2 ply=3 reserves={1:5, 2:6} cd1={'sphinx': 0, 'pharaoh': 0} cd2={'sphinx': 0, 'pharaoh': 0} pq=[] win=None
-- move 4 P2 (v16) played ('p', 9, 4, 270) in 45.4ms depth=3 --
      c0   c1   c2   c3   c4   c5   c6   c7   c8   c9 
r0:   ....   ....  Sp1090  ....   ....   ....   ....   ....   ....   ....  
r1:   ....   ....   ....   ....   ....   ....   ....   ....   ....   ....  
r2:   ....   ....  Py2090  ....   ....   ....  Ph1180 An1180  ....   ....  
r3:   ....  Sc1180  ....   ....   ....   ....   ....   ....   ....   ....  
r4:   ....   ....   ....   ....   ....   ....  An1180  ....   ....   ....  
r5:   ....   ....   ....  An2000  ....   ....   ....   ....   ....   ....  
r6:   ....   ....   ....   ....   ....   ....   ....   ....  Sc2000  ....  
r7:   ....   ....  An2000 Ph2180  ....   ....   ....   ....   ....   ....  
r8:   ....   ....   ....   ....   ....   ....   ....   ....   ....   ....  
r9:   ....   ....   ....  Py1270 Py2270  ....   ....  Sp2270  ....   ....  
turn=P1 ply=4 reserves={1:5, 2:5} cd1={'sphinx': 0, 'pharaoh': 0} cd2={'sphinx': 0, 'pharaoh': 0} pq=[(6, 1)] win=None
-- move 5 P1 (v13) played ('p', 8, 1, 180) in 49.6ms depth=3 --
      c0   c1   c2   c3   c4   c5   c6   c7   c8   c9 
r0:   ....   ....  Sp1090  ....   ....   ....   ....   ....   ....   ....  
r1:   ....   ....   ....   ....   ....   ....   ....   ....   ....   ....  
r2:   ....   ....  Py2090  ....   ....   ....  Ph1180 An1180  ....   ....  
r3:   ....  Sc1180  ....   ....   ....   ....   ....   ....   ....   ....  
r4:   ....   ....   ....   ....   ....   ....  An1180  ....   ....   ....  
r5:   ....   ....   ....  An2000  ....   ....   ....   ....   ....   ....  
r6:   ....   ....   ....   ....   ....   ....   ....   ....  Sc2000  ....  
r7:   ....   ....  An2000 Ph2180  ....   ....   ....   ....   ....   ....  
r8:   ....  Py1180  ....   ....   ....   ....   ....   ....   ....   ....  
r9:   ....   ....   ....  Py1270 Py2270  ....   ....  Sp2270  ....   ....  
turn=P2 ply=5 reserves={1:4, 2:5} cd1={'sphinx': 0, 'pharaoh': 0} cd2={'sphinx': 0, 'pharaoh': 0} pq=[(6, 1)] win=None
-- move 6 P2 (v16) played ('p', 2, 4, 0) in 0.8ms depth=0 --
      c0   c1   c2   c3   c4   c5   c6   c7   c8   c9 
r0:   ....   ....  Sp1090  ....   ....   ....   ....   ....   ....   ....  
r1:   ....   ....   ....   ....   ....   ....   ....   ....   ....   ....  
r2:   ....   ....  Py2090  ....  Py2000  ....   ....  An1180  ....   ....  
r3:   ....  Sc1180  ....   ....   ....   ....   ....   ....   ....   ....  
r4:   ....   ....   ....   ....   ....   ....  An1180  ....   ....   ....  
r5:   ....   ....   ....  An2000  ....   ....   ....   ....   ....   ....  
r6:   ....   ....   ....   ....   ....   ....   ....   ....  Sc2000  ....  
r7:   ....   ....  An2000 Ph2180  ....   ....   ....   ....   ....   ....  
r8:   ....  Py1180  ....   ....   ....   ....   ....   ....   ....   ....  
r9:   ....   ....   ....  Py1270 Py2270  ....   ....  Sp2270  ....   ....  
turn=P1 ply=6 reserves={1:4, 2:5} cd1={'sphinx': 0, 'pharaoh': 0} cd2={'sphinx': 0, 'pharaoh': 0} pq=[] win=2
